#
# There is insufficient memory for the Java Runtime Environment to continue.
# Native memory allocation (malloc) failed to allocate 1467376 bytes. Error detail: Chunk::new
# Possible reasons:
#   The system is out of physical RAM or swap space
#   This process is running with CompressedOops enabled, and the Java Heap may be blocking the growth of the native heap
# Possible solutions:
#   Reduce memory load on the system
#   Increase physical memory or swap space
#   Check if swap backing store is full
#   Decrease Java heap size (-Xmx/-Xms)
#   Decrease number of Java threads
#   Decrease Java thread stack sizes (-Xss)
#   Set larger code cache with -XX:ReservedCodeCacheSize=
#   JVM is running with Unscaled Compressed Oops mode in which the Java heap is
#     placed in the first 4GB address space. The Java Heap base address is the
#     maximum limit for the native heap growth. Please use -XX:HeapBaseMinAddress
#     to set the Java Heap base and to place the Java Heap above 4GB virtual address.
# This output file may be truncated or incomplete.
#
#  Out of Memory Error (arena.cpp:168), pid=24488, tid=26088
#
# JRE version: OpenJDK Runtime Environment Temurin-21.0.10+7 (21.0.10+7) (build 21.0.10+7-LTS)
# Java VM: OpenJDK 64-Bit Server VM Temurin-21.0.10+7 (21.0.10+7-LTS, mixed mode, sharing, tiered, compressed oops, compressed class ptrs, parallel gc, windows-amd64)
# No core dump will be written. Minidumps are not enabled by default on client versions of Windows
#

---------------  S U M M A R Y ------------

Command Line: --add-modules=ALL-SYSTEM --add-opens=java.base/java.util=ALL-UNNAMED --add-opens=java.base/java.lang=ALL-UNNAMED --add-opens=java.base/sun.nio.fs=ALL-UNNAMED -Declipse.application=org.eclipse.jdt.ls.core.id1 -Dosgi.bundles.defaultStartLevel=4 -Declipse.product=org.eclipse.jdt.ls.core.product -Djava.import.generatesMetadataFilesAtProjectRoot=false -DDetectVMInstallationsJob.disabled=true -Dfile.encoding=utf8 -XX:+UseParallelGC -XX:GCTimeRatio=4 -XX:AdaptiveSizePolicyWeight=90 -Dsun.zip.disableMemoryMapping=true -Xmx2G -Xms100m -Xlog:disable -javaagent:c:\Users\Khanh\.vscode\extensions\redhat.java-1.53.0-win32-x64\lombok\lombok-1.18.39-4050.jar -XX:+HeapDumpOnOutOfMemoryError -XX:HeapDumpPath=c:\Users\Khanh\AppData\Roaming\Code\User\workspaceStorage\22476e538a9927e02a9278013d0f4616\redhat.java -Daether.dependencyCollector.impl=bf c:\Users\Khanh\.vscode\extensions\redhat.java-1.53.0-win32-x64\server\plugins\org.eclipse.equinox.launcher_1.7.100.v20251111-0406.jar -configuration c:\Users\Khanh\AppData\Roaming\Code\User\globalStorage\redhat.java\1.53.0\config_win -data c:\Users\Khanh\AppData\Roaming\Code\User\workspaceStorage\22476e538a9927e02a9278013d0f4616\redhat.java\jdt_ws --pipe=\\.\pipe\lsp-3c338039312c9eb480fa5edcb5c4e073-sock

Host: AMD Ryzen 5 5600H with Radeon Graphics         , 12 cores, 7G,  Windows 10 , 64 bit Build 19041 (10.0.19041.5915)
Time: Fri Mar 13 22:25:03 2026 SE Asia Standard Time elapsed time: 18.187389 seconds (0d 0h 0m 18s)

---------------  T H R E A D  ---------------

Current thread (0x000001f10eab2300):  JavaThread "C2 CompilerThread0" daemon [_thread_in_native, id=26088, stack(0x0000000594700000,0x0000000594800000) (1024K)]


Current CompileTask:
C2:18187 9294       4       org.apache.maven.model.interpolation.StringVisitorModelInterpolator$ModelVisitor::visit (231 bytes)

Stack: [0x0000000594700000,0x0000000594800000]
Native frames: (J=compiled Java code, j=interpreted, Vv=VM code, C=native code)
V  [jvm.dll+0x6d7a39]
V  [jvm.dll+0x8b4b26]
V  [jvm.dll+0x8b70de]
V  [jvm.dll+0x8b77c3]
V  [jvm.dll+0x284346]
V  [jvm.dll+0xc66ed]
V  [jvm.dll+0xc6c31]
V  [jvm.dll+0x3bec01]
V  [jvm.dll+0x38b162]
V  [jvm.dll+0x38a5aa]
V  [jvm.dll+0x24c560]
V  [jvm.dll+0x24bb40]
V  [jvm.dll+0x1cb34e]
V  [jvm.dll+0x25b85d]
V  [jvm.dll+0x259dea]
V  [jvm.dll+0x3f857e]
V  [jvm.dll+0x85f59d]
V  [jvm.dll+0x6d626d]
C  [ucrtbase.dll+0x21bb2]
C  [KERNEL32.DLL+0x17374]
C  [ntdll.dll+0x4cc91]


---------------  P R O C E S S  ---------------

Threads class SMR info:
_java_thread_list=0x000001f113287bc0, length=42, elements={
0x000001f0b51012f0, 0x000001f0cbbacbc0, 0x000001f0cbbae170, 0x000001f0cbbb49a0,
0x000001f0cbbb3c80, 0x000001f0cbbb4310, 0x000001f0cbbb2240, 0x000001f10eab2300,
0x000001f10eab35f0, 0x000001f0cbbb5030, 0x000001f0cbbb56c0, 0x000001f0cbbb28d0,
0x000001f0cbbb2f60, 0x000001f0cbbb35f0, 0x000001f113484860, 0x000001f113484ef0,
0x000001f113482e20, 0x000001f11347f310, 0x000001f11347f9a0, 0x000001f113481a70,
0x000001f113480030, 0x000001f1134806c0, 0x000001f1134834b0, 0x000001f113483b40,
0x000001f1134841d0, 0x000001f11347df60, 0x000001f11347e5f0, 0x000001f113485580,
0x000001f11347ec80, 0x000001f1134813e0, 0x000001f113480d50, 0x000001f113482100,
0x000001f113482790, 0x000001f114f670d0, 0x000001f114f691a0, 0x000001f114f6b900,
0x000001f114f69ec0, 0x000001f114f64970, 0x000001f114f66a40, 0x000001f114f67760,
0x000001f114f69830, 0x000001f114f65690
}

Java Threads: ( => current thread )
  0x000001f0b51012f0 JavaThread "main"                              [_thread_blocked, id=11652, stack(0x0000000593d00000,0x0000000593e00000) (1024K)]
  0x000001f0cbbacbc0 JavaThread "Reference Handler"          daemon [_thread_blocked, id=2388, stack(0x0000000594100000,0x0000000594200000) (1024K)]
  0x000001f0cbbae170 JavaThread "Finalizer"                  daemon [_thread_blocked, id=24996, stack(0x0000000594200000,0x0000000594300000) (1024K)]
  0x000001f0cbbb49a0 JavaThread "Signal Dispatcher"          daemon [_thread_blocked, id=32, stack(0x0000000594300000,0x0000000594400000) (1024K)]
  0x000001f0cbbb3c80 JavaThread "Attach Listener"            daemon [_thread_blocked, id=6916, stack(0x0000000594400000,0x0000000594500000) (1024K)]
  0x000001f0cbbb4310 JavaThread "Service Thread"             daemon [_thread_blocked, id=24060, stack(0x0000000594500000,0x0000000594600000) (1024K)]
  0x000001f0cbbb2240 JavaThread "Monitor Deflation Thread"   daemon [_thread_blocked, id=6076, stack(0x0000000594600000,0x0000000594700000) (1024K)]
=>0x000001f10eab2300 JavaThread "C2 CompilerThread0"         daemon [_thread_in_native, id=26088, stack(0x0000000594700000,0x0000000594800000) (1024K)]
  0x000001f10eab35f0 JavaThread "C1 CompilerThread0"         daemon [_thread_blocked, id=15720, stack(0x0000000594800000,0x0000000594900000) (1024K)]
  0x000001f0cbbb5030 JavaThread "Common-Cleaner"             daemon [_thread_blocked, id=6228, stack(0x0000000594900000,0x0000000594a00000) (1024K)]
  0x000001f0cbbb56c0 JavaThread "Notification Thread"        daemon [_thread_blocked, id=26488, stack(0x0000000594a00000,0x0000000594b00000) (1024K)]
  0x000001f0cbbb28d0 JavaThread "Active Thread: Equinox Container: 2e466e9b-c94e-45ac-8ce6-cb3ea0b7ae82"        [_thread_blocked, id=25024, stack(0x0000000595100000,0x0000000595200000) (1024K)]
  0x000001f0cbbb2f60 JavaThread "Refresh Thread: Equinox Container: 2e466e9b-c94e-45ac-8ce6-cb3ea0b7ae82" daemon [_thread_blocked, id=22816, stack(0x0000000595300000,0x0000000595400000) (1024K)]
  0x000001f0cbbb35f0 JavaThread "Framework Event Dispatcher: Equinox Container: 2e466e9b-c94e-45ac-8ce6-cb3ea0b7ae82" daemon [_thread_blocked, id=20744, stack(0x0000000595400000,0x0000000595500000) (1024K)]
  0x000001f113484860 JavaThread "Start Level: Equinox Container: 2e466e9b-c94e-45ac-8ce6-cb3ea0b7ae82" daemon [_thread_blocked, id=24684, stack(0x0000000595500000,0x0000000595600000) (1024K)]
  0x000001f113484ef0 JavaThread "Bundle File Closer"         daemon [_thread_blocked, id=6360, stack(0x0000000595800000,0x0000000595900000) (1024K)]
  0x000001f113482e20 JavaThread "SCR Component Actor"        daemon [_thread_blocked, id=9548, stack(0x0000000595900000,0x0000000595a00000) (1024K)]
  0x000001f11347f310 JavaThread "Worker-JM"                         [_thread_blocked, id=21996, stack(0x0000000595a00000,0x0000000595b00000) (1024K)]
  0x000001f11347f9a0 JavaThread "Worker-0"                          [_thread_blocked, id=8776, stack(0x0000000595b00000,0x0000000595c00000) (1024K)]
  0x000001f113481a70 JavaThread "Worker-1"                          [_thread_blocked, id=17988, stack(0x0000000595c00000,0x0000000595d00000) (1024K)]
  0x000001f113480030 JavaThread "Java indexing"              daemon [_thread_blocked, id=536, stack(0x0000000595e00000,0x0000000595f00000) (1024K)]
  0x000001f1134806c0 JavaThread "JNA Cleaner"                daemon [_thread_blocked, id=16940, stack(0x0000000595f00000,0x0000000596000000) (1024K)]
  0x000001f1134834b0 JavaThread "Worker-2: Initialize Workspace"        [_thread_in_native, id=9024, stack(0x0000000596200000,0x0000000596300000) (1024K)]
  0x000001f113483b40 JavaThread "Worker-3"                          [_thread_blocked, id=14368, stack(0x0000000596300000,0x0000000596400000) (1024K)]
  0x000001f1134841d0 JavaThread "Worker-4"                          [_thread_blocked, id=17696, stack(0x0000000596400000,0x0000000596500000) (1024K)]
  0x000001f11347df60 JavaThread "Worker-5"                          [_thread_blocked, id=7732, stack(0x0000000596500000,0x0000000596600000) (1024K)]
  0x000001f11347e5f0 JavaThread "Thread-1"                   daemon [_thread_in_native, id=26856, stack(0x0000000596600000,0x0000000596700000) (1024K)]
  0x000001f113485580 JavaThread "Thread-2"                   daemon [_thread_in_native, id=3868, stack(0x0000000596700000,0x0000000596800000) (1024K)]
  0x000001f11347ec80 JavaThread "Thread-3"                   daemon [_thread_in_native, id=11144, stack(0x0000000596800000,0x0000000596900000) (1024K)]
  0x000001f1134813e0 JavaThread "Thread-4"                   daemon [_thread_in_native, id=18344, stack(0x0000000596900000,0x0000000596a00000) (1024K)]
  0x000001f113480d50 JavaThread "Thread-5"                   daemon [_thread_in_native, id=20624, stack(0x0000000596a00000,0x0000000596b00000) (1024K)]
  0x000001f113482100 JavaThread "Thread-6"                   daemon [_thread_in_native, id=24040, stack(0x0000000596b00000,0x0000000596c00000) (1024K)]
  0x000001f113482790 JavaThread "Thread-7"                   daemon [_thread_in_native, id=17440, stack(0x0000000596c00000,0x0000000596d00000) (1024K)]
  0x000001f114f670d0 JavaThread "Thread-8"                   daemon [_thread_in_native, id=19564, stack(0x0000000596d00000,0x0000000596e00000) (1024K)]
  0x000001f114f691a0 JavaThread "Thread-9"                   daemon [_thread_in_native, id=1840, stack(0x0000000596e00000,0x0000000596f00000) (1024K)]
  0x000001f114f6b900 JavaThread "Thread-10"                  daemon [_thread_in_native, id=4960, stack(0x0000000596f00000,0x0000000597000000) (1024K)]
  0x000001f114f69ec0 JavaThread "Thread-11"                  daemon [_thread_in_native, id=26184, stack(0x0000000597000000,0x0000000597100000) (1024K)]
  0x000001f114f64970 JavaThread "Thread-12"                  daemon [_thread_in_native, id=20280, stack(0x0000000597100000,0x0000000597200000) (1024K)]
  0x000001f114f66a40 JavaThread "Thread-13"                  daemon [_thread_in_native, id=16552, stack(0x0000000597200000,0x0000000597300000) (1024K)]
  0x000001f114f67760 JavaThread "pool-2-thread-1"                   [_thread_blocked, id=20612, stack(0x0000000597300000,0x0000000597400000) (1024K)]
  0x000001f114f69830 JavaThread "WorkspaceEventsHandler"            [_thread_blocked, id=26040, stack(0x0000000597400000,0x0000000597500000) (1024K)]
  0x000001f114f65690 JavaThread "pool-1-thread-1"                   [_thread_blocked, id=3192, stack(0x0000000597500000,0x0000000597600000) (1024K)]
Total: 42

Other Threads:
  0x000001f0cbba3100 VMThread "VM Thread"                           [id=18700, stack(0x0000000594000000,0x0000000594100000) (1024K)]
  0x000001f0b516a000 WatcherThread "VM Periodic Task Thread"        [id=26360, stack(0x0000000593f00000,0x0000000594000000) (1024K)]
  0x000001f0b511e430 WorkerThread "GC Thread#0"                     [id=1564, stack(0x0000000593e00000,0x0000000593f00000) (1024K)]
  0x000001f113160550 WorkerThread "GC Thread#1"                     [id=7344, stack(0x0000000594b00000,0x0000000594c00000) (1024K)]
  0x000001f1131614a0 WorkerThread "GC Thread#2"                     [id=11848, stack(0x0000000594c00000,0x0000000594d00000) (1024K)]
  0x000001f113389770 WorkerThread "GC Thread#3"                     [id=10180, stack(0x0000000594d00000,0x0000000594e00000) (1024K)]
  0x000001f11338a2c0 WorkerThread "GC Thread#4"                     [id=18628, stack(0x0000000594e00000,0x0000000594f00000) (1024K)]
  0x000001f11338a670 WorkerThread "GC Thread#5"                     [id=22160, stack(0x0000000594f00000,0x0000000595000000) (1024K)]
  0x000001f11338aa20 WorkerThread "GC Thread#6"                     [id=24552, stack(0x0000000595000000,0x0000000595100000) (1024K)]
  0x000001f1136d3f80 WorkerThread "GC Thread#7"                     [id=14156, stack(0x0000000595200000,0x0000000595300000) (1024K)]
  0x000001f1136d4330 WorkerThread "GC Thread#8"                     [id=19828, stack(0x0000000595600000,0x0000000595700000) (1024K)]
  0x000001f1136d4a90 WorkerThread "GC Thread#9"                     [id=21028, stack(0x0000000595700000,0x0000000595800000) (1024K)]
Total: 12

Threads with active compile tasks:
C2 CompilerThread0  18248 9294       4       org.apache.maven.model.interpolation.StringVisitorModelInterpolator$ModelVisitor::visit (231 bytes)
Total: 1

VM state: not at safepoint (normal execution)

VM Mutex/Monitor currently owned by a thread: None

Heap address: 0x0000000080000000, size: 2048 MB, Compressed Oops mode: 32-bit

CDS archive(s) mapped at: [0x000001f0cc000000-0x000001f0ccba0000-0x000001f0ccba0000), size 12189696, SharedBaseAddress: 0x000001f0cc000000, ArchiveRelocationMode: 1.
Compressed class space mapped at: 0x000001f0cd000000-0x000001f10d000000, reserved size: 1073741824
Narrow klass base: 0x000001f0cc000000, Narrow klass shift: 0, Narrow klass range: 0x100000000

GC Precious Log:
 CardTable entry size: 512
 CPUs: 12 total, 12 available
 Memory: 7532M
 Large Page Support: Disabled
 NUMA Support: Disabled
 Compressed Oops: Enabled (32-bit)
 Alignments: Space 512K, Generation 512K, Heap 2M
 Heap Min Capacity: 100M
 Heap Initial Capacity: 100M
 Heap Max Capacity: 2G
 Pre-touch: Disabled
 Parallel Workers: 10

Heap:
 PSYoungGen      total 19456K, used 14079K [0x00000000d5580000, 0x00000000d6a80000, 0x0000000100000000)
  eden space 18432K, 70% used [0x00000000d5580000,0x00000000d623ffc0,0x00000000d6780000)
  from space 1024K, 100% used [0x00000000d6980000,0x00000000d6a80000,0x00000000d6a80000)
  to   space 1536K, 0% used [0x00000000d6780000,0x00000000d6780000,0x00000000d6900000)
 ParOldGen       total 68608K, used 40176K [0x0000000080000000, 0x0000000084300000, 0x00000000d5580000)
  object space 68608K, 58% used [0x0000000080000000,0x000000008273c2e8,0x0000000084300000)
 Metaspace       used 57275K, committed 58496K, reserved 1114112K
  class space    used 6283K, committed 6784K, reserved 1048576K

Card table byte_map: [0x000001f0b4ae0000,0x000001f0b4ef0000] _byte_map_base: 0x000001f0b46e0000

Marking Bits: (ParMarkBitMap*) 0x00007ff841143450
 Begin Bits: [0x000001f0c75c0000, 0x000001f0c95c0000)
 End Bits:   [0x000001f0c95c0000, 0x000001f0cb5c0000)

Polling page: 0x000001f0b48d0000

Metaspace:

Usage:
  Non-class:     49.80 MB used.
      Class:      6.14 MB used.
       Both:     55.93 MB used.

Virtual space:
  Non-class space:       64.00 MB reserved,      50.50 MB ( 79%) committed,  1 nodes.
      Class space:        1.00 GB reserved,       6.62 MB ( <1%) committed,  1 nodes.
             Both:        1.06 GB reserved,      57.12 MB (  5%) committed. 

Chunk freelists:
   Non-Class:  12.97 MB
       Class:  9.31 MB
        Both:  22.28 MB

MaxMetaspaceSize: unlimited
CompressedClassSpaceSize: 1.00 GB
Initial GC threshold: 21.00 MB
Current GC threshold: 58.38 MB
CDS: on
 - commit_granule_bytes: 65536.
 - commit_granule_words: 8192.
 - virtual_space_node_default_size: 8388608.
 - enlarge_chunks_in_place: 1.
 - use_allocation_guard: 0.


Internal statistics:

num_allocs_failed_limit: 6.
num_arena_births: 906.
num_arena_deaths: 22.
num_vsnodes_births: 2.
num_vsnodes_deaths: 0.
num_space_committed: 914.
num_space_uncommitted: 0.
num_chunks_returned_to_freelist: 32.
num_chunks_taken_from_freelist: 3224.
num_chunk_merges: 9.
num_chunk_splits: 2010.
num_chunks_enlarged: 1256.
num_inconsistent_stats: 0.

CodeHeap 'non-profiled nmethods': size=120000Kb used=4768Kb max_used=4768Kb free=115231Kb
 bounds [0x000001f0bfde0000, 0x000001f0c0290000, 0x000001f0c7310000]
CodeHeap 'profiled nmethods': size=120000Kb used=18937Kb max_used=18937Kb free=101062Kb
 bounds [0x000001f0b8310000, 0x000001f0b9590000, 0x000001f0bf840000]
CodeHeap 'non-nmethods': size=5760Kb used=1413Kb max_used=1475Kb free=4346Kb
 bounds [0x000001f0bf840000, 0x000001f0bfab0000, 0x000001f0bfde0000]
CodeCache: size=245760Kb, used=25118Kb, max_used=25180Kb, free=220639Kb
 total_blobs=9604, nmethods=8889, adapters=621, full_count=0
Compilation: enabled, stopped_count=0, restarted_count=0

Compilation events (20 events):
Event: 18.166 Thread 0x000001f10eab35f0 9397       2       org.eclipse.aether.util.graph.transformer.ConflictResolver$State::parent (34 bytes)
Event: 18.166 Thread 0x000001f10eab35f0 nmethod 9397 0x000001f0b958a290 code [0x000001f0b958a460, 0x000001f0b958a648]
Event: 18.166 Thread 0x000001f10eab35f0 9398       2       org.eclipse.aether.util.graph.transformer.ConflictResolver$State::newConflictItem (22 bytes)
Event: 18.166 Thread 0x000001f10eab35f0 nmethod 9398 0x000001f0b958a710 code [0x000001f0b958a8e0, 0x000001f0b958ab08]
Event: 18.166 Thread 0x000001f10eab35f0 9399       2       org.eclipse.aether.util.graph.transformer.NearestVersionSelector::isAcceptable (48 bytes)
Event: 18.166 Thread 0x000001f10eab35f0 nmethod 9399 0x000001f0b958ac10 code [0x000001f0b958ae20, 0x000001f0b958b250]
Event: 18.166 Thread 0x000001f10eab35f0 9400       2       org.eclipse.aether.util.graph.transformer.ConflictResolver$State::add (85 bytes)
Event: 18.167 Thread 0x000001f10eab35f0 nmethod 9400 0x000001f0b958b510 code [0x000001f0b958b760, 0x000001f0b958bc18]
Event: 18.167 Thread 0x000001f10eab35f0 9401       2       org.eclipse.aether.util.graph.transformer.ConflictResolver$ConflictItem::getScopes (29 bytes)
Event: 18.167 Thread 0x000001f10eab35f0 nmethod 9401 0x000001f0b958be90 code [0x000001f0b958c040, 0x000001f0b958c2d0]
Event: 18.168 Thread 0x000001f10eab35f0 9402       2       org.eclipse.aether.graph.DefaultDependencyNode::setRequestContext (18 bytes)
Event: 18.168 Thread 0x000001f10eab35f0 nmethod 9402 0x000001f0b958c410 code [0x000001f0b958c5c0, 0x000001f0b958c730]
Event: 18.169 Thread 0x000001f10eab35f0 9403       1       org.eclipse.aether.graph.DefaultDependencyNode::getRequestContext (5 bytes)
Event: 18.169 Thread 0x000001f10eab35f0 nmethod 9403 0x000001f0c0287810 code [0x000001f0c02879a0, 0x000001f0c0287a68]
Event: 18.169 Thread 0x000001f10eab35f0 9404       2       org.eclipse.aether.resolution.ArtifactRequest::setRequestContext (19 bytes)
Event: 18.169 Thread 0x000001f10eab35f0 nmethod 9404 0x000001f0b958c810 code [0x000001f0b958c9c0, 0x000001f0b958cb30]
Event: 18.169 Thread 0x000001f10eab35f0 9406       1       org.eclipse.aether.internal.impl.ArtifactRequestBuilder::visitLeave (2 bytes)
Event: 18.169 Thread 0x000001f10eab35f0 nmethod 9406 0x000001f0c0287b10 code [0x000001f0c0287ca0, 0x000001f0c0287d68]
Event: 18.169 Thread 0x000001f10eab35f0 9405       1       org.eclipse.aether.graph.DefaultDependencyNode::getRepositories (5 bytes)
Event: 18.169 Thread 0x000001f10eab35f0 nmethod 9405 0x000001f0c0287e10 code [0x000001f0c0287fa0, 0x000001f0c0288068]

GC Heap History (20 events):
Event: 11.710 GC heap before
{Heap before GC invocations=23 (full 2):
 PSYoungGen      total 23040K, used 22912K [0x00000000d5580000, 0x00000000d7080000, 0x0000000100000000)
  eden space 22016K, 100% used [0x00000000d5580000,0x00000000d6b00000,0x00000000d6b00000)
  from space 1024K, 87% used [0x00000000d6f80000,0x00000000d7060000,0x00000000d7080000)
  to   space 1536K, 0% used [0x00000000d6d80000,0x00000000d6d80000,0x00000000d6f00000)
 ParOldGen       total 68608K, used 25762K [0x0000000080000000, 0x0000000084300000, 0x00000000d5580000)
  object space 68608K, 37% used [0x0000000080000000,0x0000000081928990,0x0000000084300000)
 Metaspace       used 52302K, committed 53504K, reserved 1114112K
  class space    used 5770K, committed 6336K, reserved 1048576K
}
Event: 11.713 GC heap after
{Heap after GC invocations=23 (full 2):
 PSYoungGen      total 23552K, used 1504K [0x00000000d5580000, 0x00000000d7100000, 0x0000000100000000)
  eden space 22016K, 0% used [0x00000000d5580000,0x00000000d5580000,0x00000000d6b00000)
  from space 1536K, 97% used [0x00000000d6d80000,0x00000000d6ef8010,0x00000000d6f00000)
  to   space 2048K, 0% used [0x00000000d6f00000,0x00000000d6f00000,0x00000000d7100000)
 ParOldGen       total 68608K, used 26636K [0x0000000080000000, 0x0000000084300000, 0x00000000d5580000)
  object space 68608K, 38% used [0x0000000080000000,0x0000000081a03338,0x0000000084300000)
 Metaspace       used 52302K, committed 53504K, reserved 1114112K
  class space    used 5770K, committed 6336K, reserved 1048576K
}
Event: 12.563 GC heap before
{Heap before GC invocations=24 (full 2):
 PSYoungGen      total 23552K, used 23516K [0x00000000d5580000, 0x00000000d7100000, 0x0000000100000000)
  eden space 22016K, 99% used [0x00000000d5580000,0x00000000d6aff2f8,0x00000000d6b00000)
  from space 1536K, 97% used [0x00000000d6d80000,0x00000000d6ef8010,0x00000000d6f00000)
  to   space 2048K, 0% used [0x00000000d6f00000,0x00000000d6f00000,0x00000000d7100000)
 ParOldGen       total 68608K, used 26636K [0x0000000080000000, 0x0000000084300000, 0x00000000d5580000)
  object space 68608K, 38% used [0x0000000080000000,0x0000000081a03338,0x0000000084300000)
 Metaspace       used 52599K, committed 53824K, reserved 1114112K
  class space    used 5777K, committed 6336K, reserved 1048576K
}
Event: 12.567 GC heap after
{Heap after GC invocations=24 (full 2):
 PSYoungGen      total 23552K, used 2032K [0x00000000d5580000, 0x00000000d7400000, 0x0000000100000000)
  eden space 21504K, 0% used [0x00000000d5580000,0x00000000d5580000,0x00000000d6a80000)
  from space 2048K, 99% used [0x00000000d6f00000,0x00000000d70fc010,0x00000000d7100000)
  to   space 4608K, 0% used [0x00000000d6a80000,0x00000000d6a80000,0x00000000d6f00000)
 ParOldGen       total 68608K, used 28403K [0x0000000080000000, 0x0000000084300000, 0x00000000d5580000)
  object space 68608K, 41% used [0x0000000080000000,0x0000000081bbced8,0x0000000084300000)
 Metaspace       used 52599K, committed 53824K, reserved 1114112K
  class space    used 5777K, committed 6336K, reserved 1048576K
}
Event: 12.898 GC heap before
{Heap before GC invocations=25 (full 2):
 PSYoungGen      total 23552K, used 23536K [0x00000000d5580000, 0x00000000d7400000, 0x0000000100000000)
  eden space 21504K, 100% used [0x00000000d5580000,0x00000000d6a80000,0x00000000d6a80000)
  from space 2048K, 99% used [0x00000000d6f00000,0x00000000d70fc010,0x00000000d7100000)
  to   space 4608K, 0% used [0x00000000d6a80000,0x00000000d6a80000,0x00000000d6f00000)
 ParOldGen       total 68608K, used 28403K [0x0000000080000000, 0x0000000084300000, 0x00000000d5580000)
  object space 68608K, 41% used [0x0000000080000000,0x0000000081bbced8,0x0000000084300000)
 Metaspace       used 52970K, committed 54144K, reserved 1114112K
  class space    used 5800K, committed 6336K, reserved 1048576K
}
Event: 12.901 GC heap after
{Heap after GC invocations=25 (full 2):
 PSYoungGen      total 24064K, used 2093K [0x00000000d5580000, 0x00000000d7080000, 0x0000000100000000)
  eden space 21504K, 0% used [0x00000000d5580000,0x00000000d5580000,0x00000000d6a80000)
  from space 2560K, 81% used [0x00000000d6a80000,0x00000000d6c8b510,0x00000000d6d00000)
  to   space 3072K, 0% used [0x00000000d6d80000,0x00000000d6d80000,0x00000000d7080000)
 ParOldGen       total 68608K, used 30368K [0x0000000080000000, 0x0000000084300000, 0x00000000d5580000)
  object space 68608K, 44% used [0x0000000080000000,0x0000000081da8148,0x0000000084300000)
 Metaspace       used 52970K, committed 54144K, reserved 1114112K
  class space    used 5800K, committed 6336K, reserved 1048576K
}
Event: 15.753 GC heap before
{Heap before GC invocations=26 (full 2):
 PSYoungGen      total 24064K, used 23597K [0x00000000d5580000, 0x00000000d7080000, 0x0000000100000000)
  eden space 21504K, 100% used [0x00000000d5580000,0x00000000d6a80000,0x00000000d6a80000)
  from space 2560K, 81% used [0x00000000d6a80000,0x00000000d6c8b510,0x00000000d6d00000)
  to   space 3072K, 0% used [0x00000000d6d80000,0x00000000d6d80000,0x00000000d7080000)
 ParOldGen       total 68608K, used 30368K [0x0000000080000000, 0x0000000084300000, 0x00000000d5580000)
  object space 68608K, 44% used [0x0000000080000000,0x0000000081da8148,0x0000000084300000)
 Metaspace       used 53804K, committed 55040K, reserved 1114112K
  class space    used 5916K, committed 6464K, reserved 1048576K
}
Event: 15.758 GC heap after
{Heap after GC invocations=26 (full 2):
 PSYoungGen      total 24064K, used 2096K [0x00000000d5580000, 0x00000000d7000000, 0x0000000100000000)
  eden space 21504K, 0% used [0x00000000d5580000,0x00000000d5580000,0x00000000d6a80000)
  from space 2560K, 81% used [0x00000000d6d80000,0x00000000d6f8c030,0x00000000d7000000)
  to   space 2560K, 0% used [0x00000000d6a80000,0x00000000d6a80000,0x00000000d6d00000)
 ParOldGen       total 68608K, used 32243K [0x0000000080000000, 0x0000000084300000, 0x00000000d5580000)
  object space 68608K, 46% used [0x0000000080000000,0x0000000081f7ce20,0x0000000084300000)
 Metaspace       used 53804K, committed 55040K, reserved 1114112K
  class space    used 5916K, committed 6464K, reserved 1048576K
}
Event: 16.481 GC heap before
{Heap before GC invocations=27 (full 2):
 PSYoungGen      total 24064K, used 23600K [0x00000000d5580000, 0x00000000d7000000, 0x0000000100000000)
  eden space 21504K, 100% used [0x00000000d5580000,0x00000000d6a80000,0x00000000d6a80000)
  from space 2560K, 81% used [0x00000000d6d80000,0x00000000d6f8c030,0x00000000d7000000)
  to   space 2560K, 0% used [0x00000000d6a80000,0x00000000d6a80000,0x00000000d6d00000)
 ParOldGen       total 68608K, used 32243K [0x0000000080000000, 0x0000000084300000, 0x00000000d5580000)
  object space 68608K, 46% used [0x0000000080000000,0x0000000081f7ce20,0x0000000084300000)
 Metaspace       used 54797K, committed 56064K, reserved 1114112K
  class space    used 6025K, committed 6592K, reserved 1048576K
}
Event: 16.484 GC heap after
{Heap after GC invocations=27 (full 2):
 PSYoungGen      total 23552K, used 1813K [0x00000000d5580000, 0x00000000d6e80000, 0x0000000100000000)
  eden space 21504K, 0% used [0x00000000d5580000,0x00000000d5580000,0x00000000d6a80000)
  from space 2048K, 88% used [0x00000000d6a80000,0x00000000d6c454a8,0x00000000d6c80000)
  to   space 2048K, 0% used [0x00000000d6c80000,0x00000000d6c80000,0x00000000d6e80000)
 ParOldGen       total 68608K, used 33619K [0x0000000080000000, 0x0000000084300000, 0x00000000d5580000)
  object space 68608K, 49% used [0x0000000080000000,0x00000000820d4e20,0x0000000084300000)
 Metaspace       used 54797K, committed 56064K, reserved 1114112K
  class space    used 6025K, committed 6592K, reserved 1048576K
}
Event: 16.637 GC heap before
{Heap before GC invocations=28 (full 2):
 PSYoungGen      total 23552K, used 23311K [0x00000000d5580000, 0x00000000d6e80000, 0x0000000100000000)
  eden space 21504K, 99% used [0x00000000d5580000,0x00000000d6a7e930,0x00000000d6a80000)
  from space 2048K, 88% used [0x00000000d6a80000,0x00000000d6c454a8,0x00000000d6c80000)
  to   space 2048K, 0% used [0x00000000d6c80000,0x00000000d6c80000,0x00000000d6e80000)
 ParOldGen       total 68608K, used 33619K [0x0000000080000000, 0x0000000084300000, 0x00000000d5580000)
  object space 68608K, 49% used [0x0000000080000000,0x00000000820d4e20,0x0000000084300000)
 Metaspace       used 55760K, committed 57024K, reserved 1114112K
  class space    used 6141K, committed 6720K, reserved 1048576K
}
Event: 16.641 GC heap after
{Heap after GC invocations=28 (full 2):
 PSYoungGen      total 20480K, used 2032K [0x00000000d5580000, 0x00000000d7480000, 0x0000000100000000)
  eden space 18432K, 0% used [0x00000000d5580000,0x00000000d5580000,0x00000000d6780000)
  from space 2048K, 99% used [0x00000000d6c80000,0x00000000d6e7c020,0x00000000d6e80000)
  to   space 5120K, 0% used [0x00000000d6780000,0x00000000d6780000,0x00000000d6c80000)
 ParOldGen       total 68608K, used 35929K [0x0000000080000000, 0x0000000084300000, 0x00000000d5580000)
  object space 68608K, 52% used [0x0000000080000000,0x00000000823165a0,0x0000000084300000)
 Metaspace       used 55760K, committed 57024K, reserved 1114112K
  class space    used 6141K, committed 6720K, reserved 1048576K
}
Event: 16.974 GC heap before
{Heap before GC invocations=29 (full 2):
 PSYoungGen      total 20480K, used 20464K [0x00000000d5580000, 0x00000000d7480000, 0x0000000100000000)
  eden space 18432K, 100% used [0x00000000d5580000,0x00000000d6780000,0x00000000d6780000)
  from space 2048K, 99% used [0x00000000d6c80000,0x00000000d6e7c020,0x00000000d6e80000)
  to   space 5120K, 0% used [0x00000000d6780000,0x00000000d6780000,0x00000000d6c80000)
 ParOldGen       total 68608K, used 35929K [0x0000000080000000, 0x0000000084300000, 0x00000000d5580000)
  object space 68608K, 52% used [0x0000000080000000,0x00000000823165a0,0x0000000084300000)
 Metaspace       used 56639K, committed 57920K, reserved 1114112K
  class space    used 6253K, committed 6784K, reserved 1048576K
}
Event: 16.977 GC heap after
{Heap after GC invocations=29 (full 2):
 PSYoungGen      total 19968K, used 1408K [0x00000000d5580000, 0x00000000d6d00000, 0x0000000100000000)
  eden space 18432K, 0% used [0x00000000d5580000,0x00000000d5580000,0x00000000d6780000)
  from space 1536K, 91% used [0x00000000d6780000,0x00000000d68e0000,0x00000000d6900000)
  to   space 2560K, 0% used [0x00000000d6a80000,0x00000000d6a80000,0x00000000d6d00000)
 ParOldGen       total 68608K, used 37389K [0x0000000080000000, 0x0000000084300000, 0x00000000d5580000)
  object space 68608K, 54% used [0x0000000080000000,0x00000000824835c0,0x0000000084300000)
 Metaspace       used 56639K, committed 57920K, reserved 1114112K
  class space    used 6253K, committed 6784K, reserved 1048576K
}
Event: 17.332 GC heap before
{Heap before GC invocations=30 (full 2):
 PSYoungGen      total 19968K, used 19840K [0x00000000d5580000, 0x00000000d6d00000, 0x0000000100000000)
  eden space 18432K, 100% used [0x00000000d5580000,0x00000000d6780000,0x00000000d6780000)
  from space 1536K, 91% used [0x00000000d6780000,0x00000000d68e0000,0x00000000d6900000)
  to   space 2560K, 0% used [0x00000000d6a80000,0x00000000d6a80000,0x00000000d6d00000)
 ParOldGen       total 68608K, used 37389K [0x0000000080000000, 0x0000000084300000, 0x00000000d5580000)
  object space 68608K, 54% used [0x0000000080000000,0x00000000824835c0,0x0000000084300000)
 Metaspace       used 57017K, committed 58240K, reserved 1114112K
  class space    used 6283K, committed 6784K, reserved 1048576K
}
Event: 17.334 GC heap after
{Heap after GC invocations=30 (full 2):
 PSYoungGen      total 19968K, used 1056K [0x00000000d5580000, 0x00000000d6c00000, 0x0000000100000000)
  eden space 18432K, 0% used [0x00000000d5580000,0x00000000d5580000,0x00000000d6780000)
  from space 1536K, 68% used [0x00000000d6a80000,0x00000000d6b88020,0x00000000d6c00000)
  to   space 1536K, 0% used [0x00000000d6780000,0x00000000d6780000,0x00000000d6900000)
 ParOldGen       total 68608K, used 38662K [0x0000000080000000, 0x0000000084300000, 0x00000000d5580000)
  object space 68608K, 56% used [0x0000000080000000,0x00000000825c1810,0x0000000084300000)
 Metaspace       used 57017K, committed 58240K, reserved 1114112K
  class space    used 6283K, committed 6784K, reserved 1048576K
}
Event: 17.482 GC heap before
{Heap before GC invocations=31 (full 2):
 PSYoungGen      total 19968K, used 19488K [0x00000000d5580000, 0x00000000d6c00000, 0x0000000100000000)
  eden space 18432K, 100% used [0x00000000d5580000,0x00000000d6780000,0x00000000d6780000)
  from space 1536K, 68% used [0x00000000d6a80000,0x00000000d6b88020,0x00000000d6c00000)
  to   space 1536K, 0% used [0x00000000d6780000,0x00000000d6780000,0x00000000d6900000)
 ParOldGen       total 68608K, used 38662K [0x0000000080000000, 0x0000000084300000, 0x00000000d5580000)
  object space 68608K, 56% used [0x0000000080000000,0x00000000825c1810,0x0000000084300000)
 Metaspace       used 57098K, committed 58304K, reserved 1114112K
  class space    used 6283K, committed 6784K, reserved 1048576K
}
Event: 17.486 GC heap after
{Heap after GC invocations=31 (full 2):
 PSYoungGen      total 19968K, used 1376K [0x00000000d5580000, 0x00000000d6b00000, 0x0000000100000000)
  eden space 18432K, 0% used [0x00000000d5580000,0x00000000d5580000,0x00000000d6780000)
  from space 1536K, 89% used [0x00000000d6780000,0x00000000d68d8000,0x00000000d6900000)
  to   space 1536K, 0% used [0x00000000d6980000,0x00000000d6980000,0x00000000d6b00000)
 ParOldGen       total 68608K, used 39322K [0x0000000080000000, 0x0000000084300000, 0x00000000d5580000)
  object space 68608K, 57% used [0x0000000080000000,0x0000000082666850,0x0000000084300000)
 Metaspace       used 57098K, committed 58304K, reserved 1114112K
  class space    used 6283K, committed 6784K, reserved 1048576K
}
Event: 17.908 GC heap before
{Heap before GC invocations=32 (full 2):
 PSYoungGen      total 19968K, used 19808K [0x00000000d5580000, 0x00000000d6b00000, 0x0000000100000000)
  eden space 18432K, 100% used [0x00000000d5580000,0x00000000d6780000,0x00000000d6780000)
  from space 1536K, 89% used [0x00000000d6780000,0x00000000d68d8000,0x00000000d6900000)
  to   space 1536K, 0% used [0x00000000d6980000,0x00000000d6980000,0x00000000d6b00000)
 ParOldGen       total 68608K, used 39322K [0x0000000080000000, 0x0000000084300000, 0x00000000d5580000)
  object space 68608K, 57% used [0x0000000080000000,0x0000000082666850,0x0000000084300000)
 Metaspace       used 57192K, committed 58432K, reserved 1114112K
  class space    used 6283K, committed 6784K, reserved 1048576K
}
Event: 17.910 GC heap after
{Heap after GC invocations=32 (full 2):
 PSYoungGen      total 19456K, used 1024K [0x00000000d5580000, 0x00000000d6a80000, 0x0000000100000000)
  eden space 18432K, 0% used [0x00000000d5580000,0x00000000d5580000,0x00000000d6780000)
  from space 1024K, 100% used [0x00000000d6980000,0x00000000d6a80000,0x00000000d6a80000)
  to   space 1536K, 0% used [0x00000000d6780000,0x00000000d6780000,0x00000000d6900000)
 ParOldGen       total 68608K, used 40176K [0x0000000080000000, 0x0000000084300000, 0x00000000d5580000)
  object space 68608K, 58% used [0x0000000080000000,0x000000008273c2e8,0x0000000084300000)
 Metaspace       used 57192K, committed 58432K, reserved 1114112K
  class space    used 6283K, committed 6784K, reserved 1048576K
}

Dll operation events (14 events):
Event: 0.012 Loaded shared library c:\Users\Khanh\.vscode\extensions\redhat.java-1.53.0-win32-x64\jre\21.0.10-win32-x86_64\bin\java.dll
Event: 0.074 Loaded shared library c:\Users\Khanh\.vscode\extensions\redhat.java-1.53.0-win32-x64\jre\21.0.10-win32-x86_64\bin\zip.dll
Event: 0.094 Loaded shared library C:\Users\Khanh\.vscode\extensions\redhat.java-1.53.0-win32-x64\jre\21.0.10-win32-x86_64\bin\instrument.dll
Event: 0.099 Loaded shared library C:\Users\Khanh\.vscode\extensions\redhat.java-1.53.0-win32-x64\jre\21.0.10-win32-x86_64\bin\net.dll
Event: 0.101 Loaded shared library C:\Users\Khanh\.vscode\extensions\redhat.java-1.53.0-win32-x64\jre\21.0.10-win32-x86_64\bin\nio.dll
Event: 0.104 Loaded shared library C:\Users\Khanh\.vscode\extensions\redhat.java-1.53.0-win32-x64\jre\21.0.10-win32-x86_64\bin\zip.dll
Event: 0.120 Loaded shared library C:\Users\Khanh\.vscode\extensions\redhat.java-1.53.0-win32-x64\jre\21.0.10-win32-x86_64\bin\jimage.dll
Event: 0.187 Loaded shared library c:\Users\Khanh\.vscode\extensions\redhat.java-1.53.0-win32-x64\jre\21.0.10-win32-x86_64\bin\verify.dll
Event: 1.304 Loaded shared library C:\Users\Khanh\AppData\Roaming\Code\User\globalStorage\redhat.java\1.53.0\config_win\org.eclipse.equinox.launcher\org.eclipse.equinox.launcher.win32.win32.x86_64_1.3.0.v20260203-2149\eclipse_11919.dll
Event: 3.005 Loaded shared library C:\Users\Khanh\.vscode\extensions\redhat.java-1.53.0-win32-x64\jre\21.0.10-win32-x86_64\bin\management.dll
Event: 3.009 Loaded shared library C:\Users\Khanh\.vscode\extensions\redhat.java-1.53.0-win32-x64\jre\21.0.10-win32-x86_64\bin\management_ext.dll
Event: 4.346 Loaded shared library C:\Users\Khanh\AppData\Local\Temp\jna-72459070\jna13086671754361449932.dll
Event: 4.453 Loaded shared library C:\Users\Khanh\.vscode\extensions\redhat.java-1.53.0-win32-x64\jre\21.0.10-win32-x86_64\bin\sunmscapi.dll
Event: 4.773 Loaded shared library C:\Users\Khanh\.vscode\extensions\redhat.java-1.53.0-win32-x64\jre\21.0.10-win32-x86_64\bin\extnet.dll

Deoptimization events (20 events):
Event: 17.746 Thread 0x000001f114e95940 Uncommon trap: trap_request=0xffffffde fr.pc=0x000001f0c012eddc relative=0x0000000000000d7c
Event: 17.746 Thread 0x000001f114e95940 Uncommon trap: reason=class_check action=maybe_recompile pc=0x000001f0c012eddc method=java.util.HashMap.putVal(ILjava/lang/Object;Ljava/lang/Object;ZZ)Ljava/lang/Object; @ 203 c2
Event: 17.746 Thread 0x000001f114e95940 DEOPT PACKING pc=0x000001f0c012eddc sp=0x00000005979fddf0
Event: 17.746 Thread 0x000001f114e95940 DEOPT UNPACKING pc=0x000001f0bf893aa2 sp=0x00000005979fdc88 mode 2
Event: 17.903 Thread 0x000001f1134834b0 Uncommon trap: trap_request=0xffffffc6 fr.pc=0x000001f0c02292c4 relative=0x00000000000005e4
Event: 17.903 Thread 0x000001f1134834b0 Uncommon trap: reason=bimorphic_or_optimized_type_check action=maybe_recompile pc=0x000001f0c02292c4 method=java.util.HashMap.putVal(ILjava/lang/Object;Ljava/lang/Object;ZZ)Ljava/lang/Object; @ 203 c2
Event: 17.903 Thread 0x000001f1134834b0 DEOPT PACKING pc=0x000001f0c02292c4 sp=0x00000005962fd4c0
Event: 17.903 Thread 0x000001f1134834b0 DEOPT UNPACKING pc=0x000001f0bf893aa2 sp=0x00000005962fd3c8 mode 2
Event: 18.153 Thread 0x000001f1134834b0 Uncommon trap: trap_request=0xffffff45 fr.pc=0x000001f0c0257aac relative=0x000000000000026c
Event: 18.153 Thread 0x000001f1134834b0 Uncommon trap: reason=unstable_if action=reinterpret pc=0x000001f0c0257aac method=java.util.HashMap.getNode(Ljava/lang/Object;)Ljava/util/HashMap$Node; @ 57 c2
Event: 18.153 Thread 0x000001f1134834b0 DEOPT PACKING pc=0x000001f0c0257aac sp=0x00000005962fd6c0
Event: 18.153 Thread 0x000001f1134834b0 DEOPT UNPACKING pc=0x000001f0bf893aa2 sp=0x00000005962fd5d0 mode 2
Event: 18.153 Thread 0x000001f1134834b0 Uncommon trap: trap_request=0xffffff45 fr.pc=0x000001f0c024b820 relative=0x0000000000000260
Event: 18.153 Thread 0x000001f1134834b0 Uncommon trap: reason=unstable_if action=reinterpret pc=0x000001f0c024b820 method=java.util.HashMap.getNode(Ljava/lang/Object;)Ljava/util/HashMap$Node; @ 57 c2
Event: 18.153 Thread 0x000001f1134834b0 DEOPT PACKING pc=0x000001f0c024b820 sp=0x00000005962fd650
Event: 18.153 Thread 0x000001f1134834b0 DEOPT UNPACKING pc=0x000001f0bf893aa2 sp=0x00000005962fd5d0 mode 2
Event: 18.153 Thread 0x000001f1134834b0 Uncommon trap: trap_request=0xffffff45 fr.pc=0x000001f0bfe37fd0 relative=0x00000000000000b0
Event: 18.153 Thread 0x000001f1134834b0 Uncommon trap: reason=unstable_if action=reinterpret pc=0x000001f0bfe37fd0 method=java.util.HashMap.hash(Ljava/lang/Object;)I @ 1 c2
Event: 18.153 Thread 0x000001f1134834b0 DEOPT PACKING pc=0x000001f0bfe37fd0 sp=0x00000005962fd5c0
Event: 18.153 Thread 0x000001f1134834b0 DEOPT UNPACKING pc=0x000001f0bf893aa2 sp=0x00000005962fd558 mode 2

Classes loaded (20 events):
Event: 17.087 Loading class java/io/SequenceInputStream
Event: 17.087 Loading class java/io/SequenceInputStream done
Event: 17.087 Loading class java/util/zip/GZIPInputStream$1
Event: 17.087 Loading class java/util/zip/GZIPInputStream$1 done
Event: 17.222 Loading class sun/security/ssl/PreSharedKeyExtension$PskIdentity
Event: 17.223 Loading class sun/security/ssl/PreSharedKeyExtension$PskIdentity done
Event: 17.223 Loading class sun/security/ssl/PreSharedKeyExtension$CHPreSharedKeySpec
Event: 17.223 Loading class sun/security/ssl/PreSharedKeyExtension$CHPreSharedKeySpec done
Event: 17.223 Loading class sun/security/ssl/PreSharedKeyExtension$PartialClientHelloMessage
Event: 17.224 Loading class sun/security/ssl/PreSharedKeyExtension$PartialClientHelloMessage done
Event: 17.224 Loading class sun/security/ssl/SSLEngineOutputRecord
Event: 17.224 Loading class sun/security/ssl/SSLEngineOutputRecord done
Event: 17.224 Loading class sun/security/ssl/SSLEngineOutputRecord$HandshakeFragment
Event: 17.225 Loading class sun/security/ssl/SSLEngineOutputRecord$HandshakeFragment done
Event: 17.225 Loading class sun/security/ssl/SSLEngineOutputRecord$HandshakeMemo
Event: 17.225 Loading class sun/security/ssl/SSLEngineOutputRecord$RecordMemo
Event: 17.225 Loading class sun/security/ssl/SSLEngineOutputRecord$RecordMemo done
Event: 17.225 Loading class sun/security/ssl/SSLEngineOutputRecord$HandshakeMemo done
Event: 17.265 Loading class sun/security/ssl/PreSharedKeyExtension$SHPreSharedKeySpec
Event: 17.265 Loading class sun/security/ssl/PreSharedKeyExtension$SHPreSharedKeySpec done

Classes unloaded (11 events):
Event: 3.606 Thread 0x000001f0cbba3100 Unloading class 0x000001f0cd1a5400 'java/lang/invoke/LambdaForm$MH+0x000001f0cd1a5400'
Event: 3.606 Thread 0x000001f0cbba3100 Unloading class 0x000001f0cd1a5000 'java/lang/invoke/LambdaForm$MH+0x000001f0cd1a5000'
Event: 3.606 Thread 0x000001f0cbba3100 Unloading class 0x000001f0cd1a4c00 'java/lang/invoke/LambdaForm$MH+0x000001f0cd1a4c00'
Event: 3.606 Thread 0x000001f0cbba3100 Unloading class 0x000001f0cd1a4800 'java/lang/invoke/LambdaForm$MH+0x000001f0cd1a4800'
Event: 3.606 Thread 0x000001f0cbba3100 Unloading class 0x000001f0cd1a4400 'java/lang/invoke/LambdaForm$BMH+0x000001f0cd1a4400'
Event: 3.606 Thread 0x000001f0cbba3100 Unloading class 0x000001f0cd1a4000 'java/lang/invoke/LambdaForm$DMH+0x000001f0cd1a4000'
Event: 3.606 Thread 0x000001f0cbba3100 Unloading class 0x000001f0cd1a2c00 'java/lang/invoke/LambdaForm$DMH+0x000001f0cd1a2c00'
Event: 4.660 Thread 0x000001f0cbba3100 Unloading class 0x000001f0cd392000 'java/lang/invoke/LambdaForm$MH+0x000001f0cd392000'
Event: 4.660 Thread 0x000001f0cbba3100 Unloading class 0x000001f0cd391800 'java/lang/invoke/LambdaForm$MH+0x000001f0cd391800'
Event: 4.660 Thread 0x000001f0cbba3100 Unloading class 0x000001f0cd391000 'java/lang/invoke/LambdaForm$MH+0x000001f0cd391000'
Event: 4.660 Thread 0x000001f0cbba3100 Unloading class 0x000001f0cd390800 'java/lang/invoke/LambdaForm$DMH+0x000001f0cd390800'

Classes redefined (0 events):
No events

Internal exceptions (20 events):
Event: 17.846 Thread 0x000001f114e98dc0 Exception <a 'sun/nio/fs/WindowsException'{0x00000000d6287748}> (0x00000000d6287748) 
thrown [s\src\hotspot\share\prims\jni.cpp, line 520]
Event: 17.849 Thread 0x000001f114e952b0 Exception <a 'sun/nio/fs/WindowsException'{0x00000000d62751d8}> (0x00000000d62751d8) 
thrown [s\src\hotspot\share\prims\jni.cpp, line 520]
Event: 17.851 Thread 0x000001f114e952b0 Exception <a 'sun/nio/fs/WindowsException'{0x00000000d66a3bb0}> (0x00000000d66a3bb0) 
thrown [s\src\hotspot\share\prims\jni.cpp, line 520]
Event: 17.873 Thread 0x000001f114e98dc0 Exception <a 'sun/nio/fs/WindowsException'{0x00000000d66c3488}> (0x00000000d66c3488) 
thrown [s\src\hotspot\share\prims\jni.cpp, line 520]
Event: 17.875 Thread 0x000001f114e98dc0 Exception <a 'sun/nio/fs/WindowsException'{0x00000000d66ca6f8}> (0x00000000d66ca6f8) 
thrown [s\src\hotspot\share\prims\jni.cpp, line 520]
Event: 17.904 Thread 0x000001f114e95940 Exception <a 'sun/nio/fs/WindowsException'{0x00000000d65da310}> (0x00000000d65da310) 
thrown [s\src\hotspot\share\prims\jni.cpp, line 520]
Event: 17.904 Thread 0x000001f114e95940 Exception <a 'sun/nio/fs/WindowsException'{0x00000000d65da720}> (0x00000000d65da720) 
thrown [s\src\hotspot\share\prims\jni.cpp, line 520]
Event: 17.905 Thread 0x000001f114e9a800 Exception <a 'sun/nio/fs/WindowsException'{0x00000000d65f4f48}> (0x00000000d65f4f48) 
thrown [s\src\hotspot\share\prims\jni.cpp, line 520]
Event: 17.905 Thread 0x000001f114e9a800 Exception <a 'sun/nio/fs/WindowsException'{0x00000000d65f52a8}> (0x00000000d65f52a8) 
thrown [s\src\hotspot\share\prims\jni.cpp, line 520]
Event: 17.905 Thread 0x000001f114e95940 Exception <a 'sun/nio/fs/WindowsException'{0x00000000d674fed0}> (0x00000000d674fed0) 
thrown [s\src\hotspot\share\prims\jni.cpp, line 520]
Event: 17.906 Thread 0x000001f114e95940 Exception <a 'sun/nio/fs/WindowsException'{0x00000000d6750328}> (0x00000000d6750328) 
thrown [s\src\hotspot\share\prims\jni.cpp, line 520]
Event: 17.974 Thread 0x000001f114e95940 Exception <a 'sun/nio/fs/WindowsException'{0x00000000d5bc2870}> (0x00000000d5bc2870) 
thrown [s\src\hotspot\share\prims\jni.cpp, line 520]
Event: 17.980 Thread 0x000001f114e9a800 Exception <a 'sun/nio/fs/WindowsException'{0x00000000d5c2b940}> (0x00000000d5c2b940) 
thrown [s\src\hotspot\share\prims\jni.cpp, line 520]
Event: 18.085 Thread 0x000001f114e95940 Exception <a 'sun/nio/fs/WindowsException'{0x00000000d5bcad90}> (0x00000000d5bcad90) 
thrown [s\src\hotspot\share\prims\jni.cpp, line 520]
Event: 18.093 Thread 0x000001f114e9a800 Exception <a 'sun/nio/fs/WindowsException'{0x00000000d5f35710}> (0x00000000d5f35710) 
thrown [s\src\hotspot\share\prims\jni.cpp, line 520]
Event: 18.114 Thread 0x000001f114e95940 Exception <a 'sun/nio/fs/WindowsException'{0x00000000d5f30af0}> (0x00000000d5f30af0) 
thrown [s\src\hotspot\share\prims\jni.cpp, line 520]
Event: 18.114 Thread 0x000001f114e9a800 Exception <a 'sun/nio/fs/WindowsException'{0x00000000d5f3ffc0}> (0x00000000d5f3ffc0) 
thrown [s\src\hotspot\share\prims\jni.cpp, line 520]
Event: 18.118 Thread 0x000001f114e95940 Exception <a 'sun/nio/fs/WindowsException'{0x00000000d5f69970}> (0x00000000d5f69970) 
thrown [s\src\hotspot\share\prims\jni.cpp, line 520]
Event: 18.122 Thread 0x000001f114e9a800 Exception <a 'sun/nio/fs/WindowsException'{0x00000000d5f5bf50}> (0x00000000d5f5bf50) 
thrown [s\src\hotspot\share\prims\jni.cpp, line 520]
Event: 18.153 Thread 0x000001f1134834b0 Implicit null exception at 0x000001f0bfe37f3d to 0x000001f0bfe37fc1

ZGC Phase Switch (0 events):
No events

VM Operations (20 events):
Event: 15.753 Executing safepoint VM operation: ParallelGCFailedAllocation (Allocation Failure)
Event: 15.758 Executing safepoint VM operation: ParallelGCFailedAllocation (Allocation Failure) done
Event: 16.467 Executing safepoint VM operation: ICBufferFull
Event: 16.468 Executing safepoint VM operation: ICBufferFull done
Event: 16.469 Executing safepoint VM operation: ICBufferFull
Event: 16.469 Executing safepoint VM operation: ICBufferFull done
Event: 16.481 Executing safepoint VM operation: ParallelGCFailedAllocation (Allocation Failure)
Event: 16.484 Executing safepoint VM operation: ParallelGCFailedAllocation (Allocation Failure) done
Event: 16.637 Executing safepoint VM operation: ParallelGCFailedAllocation (Allocation Failure)
Event: 16.641 Executing safepoint VM operation: ParallelGCFailedAllocation (Allocation Failure) done
Event: 16.973 Executing safepoint VM operation: ParallelGCFailedAllocation (Allocation Failure)
Event: 16.977 Executing safepoint VM operation: ParallelGCFailedAllocation (Allocation Failure) done
Event: 17.085 Executing non-safepoint VM operation: HandshakeAllThreads (Deoptimize)
Event: 17.085 Executing non-safepoint VM operation: HandshakeAllThreads (Deoptimize) done
Event: 17.332 Executing safepoint VM operation: ParallelGCFailedAllocation (Allocation Failure)
Event: 17.334 Executing safepoint VM operation: ParallelGCFailedAllocation (Allocation Failure) done
Event: 17.482 Executing safepoint VM operation: ParallelGCFailedAllocation (Allocation Failure)
Event: 17.486 Executing safepoint VM operation: ParallelGCFailedAllocation (Allocation Failure) done
Event: 17.908 Executing safepoint VM operation: ParallelGCFailedAllocation (Allocation Failure)
Event: 17.910 Executing safepoint VM operation: ParallelGCFailedAllocation (Allocation Failure) done

Memory protections (0 events):
No events

Nmethod flushes (20 events):
Event: 4.673 Thread 0x000001f0cbba3100 flushing  nmethod 0x000001f0b891c310
Event: 4.673 Thread 0x000001f0cbba3100 flushing  nmethod 0x000001f0b8920610
Event: 4.673 Thread 0x000001f0cbba3100 flushing  nmethod 0x000001f0b8920f10
Event: 4.673 Thread 0x000001f0cbba3100 flushing  nmethod 0x000001f0b8922110
Event: 4.673 Thread 0x000001f0cbba3100 flushing  nmethod 0x000001f0b8922910
Event: 4.673 Thread 0x000001f0cbba3100 flushing  nmethod 0x000001f0b8923090
Event: 4.673 Thread 0x000001f0cbba3100 flushing  nmethod 0x000001f0b8925190
Event: 4.673 Thread 0x000001f0cbba3100 flushing  nmethod 0x000001f0b8925690
Event: 4.673 Thread 0x000001f0cbba3100 flushing  nmethod 0x000001f0b8926b90
Event: 4.673 Thread 0x000001f0cbba3100 flushing  nmethod 0x000001f0b8926f90
Event: 4.673 Thread 0x000001f0cbba3100 flushing  nmethod 0x000001f0b8930410
Event: 4.673 Thread 0x000001f0cbba3100 flushing  nmethod 0x000001f0b8930e90
Event: 4.673 Thread 0x000001f0cbba3100 flushing  nmethod 0x000001f0b8931590
Event: 4.673 Thread 0x000001f0cbba3100 flushing  nmethod 0x000001f0b8949c90
Event: 4.673 Thread 0x000001f0cbba3100 flushing  nmethod 0x000001f0b8951390
Event: 4.673 Thread 0x000001f0cbba3100 flushing  nmethod 0x000001f0b8964b10
Event: 4.673 Thread 0x000001f0cbba3100 flushing  nmethod 0x000001f0b8966f10
Event: 4.673 Thread 0x000001f0cbba3100 flushing  nmethod 0x000001f0b8971210
Event: 4.673 Thread 0x000001f0cbba3100 flushing  nmethod 0x000001f0b89eb290
Event: 4.673 Thread 0x000001f0cbba3100 flushing  nmethod 0x000001f0b8a05d90

Events (20 events):
Event: 15.714 Thread 0x000001f1134834b0 Thread added: 0x000001f114f6a550
Event: 15.714 Thread 0x000001f1134834b0 Thread added: 0x000001f114f68480
Event: 15.715 Thread 0x000001f1134834b0 Thread added: 0x000001f114f65d20
Event: 15.715 Thread 0x000001f1134834b0 Thread added: 0x000001f114f663b0
Event: 15.715 Thread 0x000001f1134834b0 Thread added: 0x000001f114e9a170
Event: 15.835 Thread 0x000001f114f663b0 Thread exited: 0x000001f114f663b0
Event: 15.835 Thread 0x000001f114e9a170 Thread exited: 0x000001f114e9a170
Event: 15.835 Thread 0x000001f114f65d20 Thread exited: 0x000001f114f65d20
Event: 15.839 Thread 0x000001f114f6a550 Thread exited: 0x000001f114f6a550
Event: 15.839 Thread 0x000001f114f68480 Thread exited: 0x000001f114f68480
Event: 16.457 Thread 0x000001f1134834b0 Thread added: 0x000001f114e9a800
Event: 16.457 Thread 0x000001f1134834b0 Thread added: 0x000001f114e98dc0
Event: 16.457 Thread 0x000001f1134834b0 Thread added: 0x000001f114e952b0
Event: 16.457 Thread 0x000001f1134834b0 Thread added: 0x000001f114e95940
Event: 16.457 Thread 0x000001f1134834b0 Thread added: 0x000001f114e99450
Event: 18.146 Thread 0x000001f114e99450 Thread exited: 0x000001f114e99450
Event: 18.146 Thread 0x000001f114e98dc0 Thread exited: 0x000001f114e98dc0
Event: 18.146 Thread 0x000001f114e952b0 Thread exited: 0x000001f114e952b0
Event: 18.146 Thread 0x000001f114e95940 Thread exited: 0x000001f114e95940
Event: 18.146 Thread 0x000001f114e9a800 Thread exited: 0x000001f114e9a800


Dynamic libraries:
0x00007ff715570000 - 0x00007ff71557e000 	c:\Users\Khanh\.vscode\extensions\redhat.java-1.53.0-win32-x64\jre\21.0.10-win32-x86_64\bin\java.exe
0x00007ff90da90000 - 0x00007ff90dc88000 	C:\WINDOWS\SYSTEM32\ntdll.dll
0x00007ff90d860000 - 0x00007ff90d922000 	C:\WINDOWS\System32\KERNEL32.DLL
0x00007ff90b3a0000 - 0x00007ff90b696000 	C:\WINDOWS\System32\KERNELBASE.dll
0x00007ff90b8d0000 - 0x00007ff90b9d0000 	C:\WINDOWS\System32\ucrtbase.dll
0x00007ff8f63e0000 - 0x00007ff8f63fe000 	c:\Users\Khanh\.vscode\extensions\redhat.java-1.53.0-win32-x64\jre\21.0.10-win32-x86_64\bin\VCRUNTIME140.dll
0x00007ff8ee1c0000 - 0x00007ff8ee1d8000 	c:\Users\Khanh\.vscode\extensions\redhat.java-1.53.0-win32-x64\jre\21.0.10-win32-x86_64\bin\jli.dll
0x00007ff90c400000 - 0x00007ff90c5a1000 	C:\WINDOWS\System32\USER32.dll
0x00007ff90b6f0000 - 0x00007ff90b712000 	C:\WINDOWS\System32\win32u.dll
0x00007ff90d6b0000 - 0x00007ff90d6db000 	C:\WINDOWS\System32\GDI32.dll
0x00007ff90b120000 - 0x00007ff90b239000 	C:\WINDOWS\System32\gdi32full.dll
0x00007ff90b830000 - 0x00007ff90b8cd000 	C:\WINDOWS\System32\msvcp_win.dll
0x00007ff8f5f70000 - 0x00007ff8f620b000 	C:\WINDOWS\WinSxS\amd64_microsoft.windows.common-controls_6595b64144ccf1df_6.0.19041.6456_none_60b8a6cb71f64256\COMCTL32.dll
0x00007ff90c150000 - 0x00007ff90c1ee000 	C:\WINDOWS\System32\msvcrt.dll
0x00007ff90cc70000 - 0x00007ff90cc9f000 	C:\WINDOWS\System32\IMM32.DLL
0x00007ff906f20000 - 0x00007ff906f2c000 	c:\Users\Khanh\.vscode\extensions\redhat.java-1.53.0-win32-x64\jre\21.0.10-win32-x86_64\bin\vcruntime140_1.dll
0x00007ff8a4d80000 - 0x00007ff8a4e0d000 	c:\Users\Khanh\.vscode\extensions\redhat.java-1.53.0-win32-x64\jre\21.0.10-win32-x86_64\bin\msvcp140.dll
0x00007ff840480000 - 0x00007ff841221000 	c:\Users\Khanh\.vscode\extensions\redhat.java-1.53.0-win32-x64\jre\21.0.10-win32-x86_64\bin\server\jvm.dll
0x00007ff90c1f0000 - 0x00007ff90c2a1000 	C:\WINDOWS\System32\ADVAPI32.dll
0x00007ff90c630000 - 0x00007ff90c6cf000 	C:\WINDOWS\System32\sechost.dll
0x00007ff90d930000 - 0x00007ff90da50000 	C:\WINDOWS\System32\RPCRT4.dll
0x00007ff90b9d0000 - 0x00007ff90b9f7000 	C:\WINDOWS\System32\bcrypt.dll
0x00007ff90c5b0000 - 0x00007ff90c61b000 	C:\WINDOWS\System32\WS2_32.dll
0x00007ff90a670000 - 0x00007ff90a6bb000 	C:\WINDOWS\SYSTEM32\POWRPROF.dll
0x00007ff901980000 - 0x00007ff90198a000 	C:\WINDOWS\SYSTEM32\VERSION.dll
0x00007ff901190000 - 0x00007ff9011b7000 	C:\WINDOWS\SYSTEM32\WINMM.dll
0x00007ff90a4e0000 - 0x00007ff90a4f2000 	C:\WINDOWS\SYSTEM32\UMPDC.dll
0x00007ff908f50000 - 0x00007ff908f62000 	C:\WINDOWS\SYSTEM32\kernel.appcore.dll
0x00007ff906830000 - 0x00007ff90683a000 	c:\Users\Khanh\.vscode\extensions\redhat.java-1.53.0-win32-x64\jre\21.0.10-win32-x86_64\bin\jimage.dll
0x00007ff8f79a0000 - 0x00007ff8f7ba1000 	C:\WINDOWS\SYSTEM32\DBGHELP.DLL
0x00007ff8dce30000 - 0x00007ff8dce64000 	C:\WINDOWS\SYSTEM32\dbgcore.DLL
0x00007ff90b7a0000 - 0x00007ff90b822000 	C:\WINDOWS\System32\bcryptPrimitives.dll
0x00007ff903ee0000 - 0x00007ff903eef000 	c:\Users\Khanh\.vscode\extensions\redhat.java-1.53.0-win32-x64\jre\21.0.10-win32-x86_64\bin\instrument.dll
0x00007ff8ee2c0000 - 0x00007ff8ee2e0000 	c:\Users\Khanh\.vscode\extensions\redhat.java-1.53.0-win32-x64\jre\21.0.10-win32-x86_64\bin\java.dll
0x00007ff90cca0000 - 0x00007ff90d410000 	C:\WINDOWS\System32\SHELL32.dll
0x00007ff909150000 - 0x00007ff9098f5000 	C:\WINDOWS\SYSTEM32\windows.storage.dll
0x00007ff90bd90000 - 0x00007ff90c0e4000 	C:\WINDOWS\System32\combase.dll
0x00007ff90aa70000 - 0x00007ff90aa9b000 	C:\WINDOWS\SYSTEM32\Wldp.dll
0x00007ff90c320000 - 0x00007ff90c3ed000 	C:\WINDOWS\System32\OLEAUT32.dll
0x00007ff90bce0000 - 0x00007ff90bd8d000 	C:\WINDOWS\System32\SHCORE.dll
0x00007ff90c2b0000 - 0x00007ff90c30b000 	C:\WINDOWS\System32\shlwapi.dll
0x00007ff90b050000 - 0x00007ff90b074000 	C:\WINDOWS\SYSTEM32\profapi.dll
0x00007ff8ee2a0000 - 0x00007ff8ee2b8000 	c:\Users\Khanh\.vscode\extensions\redhat.java-1.53.0-win32-x64\jre\21.0.10-win32-x86_64\bin\zip.dll
0x00007ff903940000 - 0x00007ff903950000 	C:\Users\Khanh\.vscode\extensions\redhat.java-1.53.0-win32-x64\jre\21.0.10-win32-x86_64\bin\net.dll
0x00007ff902c80000 - 0x00007ff902d8a000 	C:\WINDOWS\SYSTEM32\WINHTTP.dll
0x00007ff90a850000 - 0x00007ff90a8ba000 	C:\WINDOWS\system32\mswsock.dll
0x00007ff8e59d0000 - 0x00007ff8e59e6000 	C:\Users\Khanh\.vscode\extensions\redhat.java-1.53.0-win32-x64\jre\21.0.10-win32-x86_64\bin\nio.dll
0x00007ff903310000 - 0x00007ff903320000 	c:\Users\Khanh\.vscode\extensions\redhat.java-1.53.0-win32-x64\jre\21.0.10-win32-x86_64\bin\verify.dll
0x00007ff8d3340000 - 0x00007ff8d3385000 	C:\Users\Khanh\AppData\Roaming\Code\User\globalStorage\redhat.java\1.53.0\config_win\org.eclipse.equinox.launcher\org.eclipse.equinox.launcher.win32.win32.x86_64_1.3.0.v20260203-2149\eclipse_11919.dll
0x00007ff90cb40000 - 0x00007ff90cc6b000 	C:\WINDOWS\System32\ole32.dll
0x00007ff907360000 - 0x00007ff90736a000 	C:\Users\Khanh\.vscode\extensions\redhat.java-1.53.0-win32-x64\jre\21.0.10-win32-x86_64\bin\management.dll
0x00007ff907350000 - 0x00007ff90735c000 	C:\Users\Khanh\.vscode\extensions\redhat.java-1.53.0-win32-x64\jre\21.0.10-win32-x86_64\bin\management_ext.dll
0x00007ff90c3f0000 - 0x00007ff90c3f8000 	C:\WINDOWS\System32\PSAPI.DLL
0x00007ff90aab0000 - 0x00007ff90aac8000 	C:\WINDOWS\SYSTEM32\CRYPTSP.dll
0x00007ff90a120000 - 0x00007ff90a158000 	C:\WINDOWS\system32\rsaenh.dll
0x00007ff90b010000 - 0x00007ff90b03e000 	C:\WINDOWS\SYSTEM32\USERENV.dll
0x00007ff90a9e0000 - 0x00007ff90a9ec000 	C:\WINDOWS\SYSTEM32\CRYPTBASE.dll
0x00007ff90a500000 - 0x00007ff90a53b000 	C:\WINDOWS\SYSTEM32\IPHLPAPI.DLL
0x00007ff90c310000 - 0x00007ff90c318000 	C:\WINDOWS\System32\NSI.dll
0x00007ff89e6a0000 - 0x00007ff89e6e9000 	C:\Users\Khanh\AppData\Local\Temp\jna-72459070\jna13086671754361449932.dll
0x00007ff9041f0000 - 0x00007ff904207000 	C:\WINDOWS\SYSTEM32\dhcpcsvc6.DLL
0x00007ff9040d0000 - 0x00007ff9040ed000 	C:\WINDOWS\SYSTEM32\dhcpcsvc.DLL
0x00007ff903270000 - 0x00007ff90327e000 	C:\Users\Khanh\.vscode\extensions\redhat.java-1.53.0-win32-x64\jre\21.0.10-win32-x86_64\bin\sunmscapi.dll
0x00007ff90b240000 - 0x00007ff90b39d000 	C:\WINDOWS\System32\CRYPT32.dll
0x00007ff90aba0000 - 0x00007ff90abc7000 	C:\WINDOWS\SYSTEM32\ncrypt.dll
0x00007ff90ab20000 - 0x00007ff90ab5b000 	C:\WINDOWS\SYSTEM32\NTASN1.dll
0x00007ff90a550000 - 0x00007ff90a61a000 	C:\WINDOWS\SYSTEM32\DNSAPI.dll
0x00007ff9041e0000 - 0x00007ff9041ea000 	C:\Windows\System32\rasadhlp.dll
0x00007ff9012d0000 - 0x00007ff901350000 	C:\WINDOWS\System32\fwpuclnt.dll
0x00007ff903330000 - 0x00007ff903339000 	C:\Users\Khanh\.vscode\extensions\redhat.java-1.53.0-win32-x64\jre\21.0.10-win32-x86_64\bin\extnet.dll

JVMTI agents:
c:\Users\Khanh\.vscode\extensions\redhat.java-1.53.0-win32-x64\lombok\lombok-1.18.39-4050.jar path:c:\Users\Khanh\.vscode\extensions\redhat.java-1.53.0-win32-x64\jre\21.0.10-win32-x86_64\bin\instrument.dll, loaded, initialized, instrumentlib options:none

dbghelp: loaded successfully - version: 4.0.5 - missing functions: none
symbol engine: initialized successfully - sym options: 0x614 - pdb path: .;c:\Users\Khanh\.vscode\extensions\redhat.java-1.53.0-win32-x64\jre\21.0.10-win32-x86_64\bin;C:\WINDOWS\SYSTEM32;C:\WINDOWS\WinSxS\amd64_microsoft.windows.common-controls_6595b64144ccf1df_6.0.19041.6456_none_60b8a6cb71f64256;c:\Users\Khanh\.vscode\extensions\redhat.java-1.53.0-win32-x64\jre\21.0.10-win32-x86_64\bin\server;C:\Users\Khanh\AppData\Roaming\Code\User\globalStorage\redhat.java\1.53.0\config_win\org.eclipse.equinox.launcher\org.eclipse.equinox.launcher.win32.win32.x86_64_1.3.0.v20260203-2149;C:\Users\Khanh\AppData\Local\Temp\jna-72459070

VM Arguments:
jvm_args: --add-modules=ALL-SYSTEM --add-opens=java.base/java.util=ALL-UNNAMED --add-opens=java.base/java.lang=ALL-UNNAMED --add-opens=java.base/sun.nio.fs=ALL-UNNAMED -Declipse.application=org.eclipse.jdt.ls.core.id1 -Dosgi.bundles.defaultStartLevel=4 -Declipse.product=org.eclipse.jdt.ls.core.product -Djava.import.generatesMetadataFilesAtProjectRoot=false -DDetectVMInstallationsJob.disabled=true -Dfile.encoding=utf8 -XX:+UseParallelGC -XX:GCTimeRatio=4 -XX:AdaptiveSizePolicyWeight=90 -Dsun.zip.disableMemoryMapping=true -Xmx2G -Xms100m -Xlog:disable -javaagent:c:\Users\Khanh\.vscode\extensions\redhat.java-1.53.0-win32-x64\lombok\lombok-1.18.39-4050.jar -XX:+HeapDumpOnOutOfMemoryError -XX:HeapDumpPath=c:\Users\Khanh\AppData\Roaming\Code\User\workspaceStorage\22476e538a9927e02a9278013d0f4616\redhat.java -Daether.dependencyCollector.impl=bf 
java_command: c:\Users\Khanh\.vscode\extensions\redhat.java-1.53.0-win32-x64\server\plugins\org.eclipse.equinox.launcher_1.7.100.v20251111-0406.jar -configuration c:\Users\Khanh\AppData\Roaming\Code\User\globalStorage\redhat.java\1.53.0\config_win -data c:\Users\Khanh\AppData\Roaming\Code\User\workspaceStorage\22476e538a9927e02a9278013d0f4616\redhat.java\jdt_ws --pipe=\\.\pipe\lsp-3c338039312c9eb480fa5edcb5c4e073-sock
java_class_path (initial): c:\Users\Khanh\.vscode\extensions\redhat.java-1.53.0-win32-x64\server\plugins\org.eclipse.equinox.launcher_1.7.100.v20251111-0406.jar
Launcher Type: SUN_STANDARD

[Global flags]
    uintx AdaptiveSizePolicyWeight                 = 90                                        {product} {command line}
     intx CICompilerCount                          = 4                                         {product} {ergonomic}
    uintx GCTimeRatio                              = 4                                         {product} {command line}
     bool HeapDumpOnOutOfMemoryError               = true                                   {manageable} {command line}
    ccstr HeapDumpPath                             = c:\Users\Khanh\AppData\Roaming\Code\User\workspaceStorage\22476e538a9927e02a9278013d0f4616\redhat.java         {manageable} {command line}
   size_t InitialHeapSize                          = 104857600                                 {product} {command line}
   size_t MaxHeapSize                              = 2147483648                                {product} {command line}
   size_t MaxNewSize                               = 715653120                                 {product} {ergonomic}
   size_t MinHeapDeltaBytes                        = 524288                                    {product} {ergonomic}
   size_t MinHeapSize                              = 104857600                                 {product} {command line}
   size_t NewSize                                  = 34603008                                  {product} {ergonomic}
    uintx NonNMethodCodeHeapSize                   = 5839372                                {pd product} {ergonomic}
    uintx NonProfiledCodeHeapSize                  = 122909434                              {pd product} {ergonomic}
   size_t OldSize                                  = 70254592                                  {product} {ergonomic}
    uintx ProfiledCodeHeapSize                     = 122909434                              {pd product} {ergonomic}
    uintx ReservedCodeCacheSize                    = 251658240                              {pd product} {ergonomic}
     bool SegmentedCodeCache                       = true                                      {product} {ergonomic}
   size_t SoftMaxHeapSize                          = 2147483648                             {manageable} {ergonomic}
     bool UseCompressedOops                        = true                           {product lp64_product} {ergonomic}
     bool UseLargePagesIndividualAllocation        = false                                  {pd product} {ergonomic}
     bool UseParallelGC                            = true                                      {product} {command line}

Logging:
Log output configuration:
 #0: stdout all=off uptime,level,tags foldmultilines=false
 #1: stderr all=off uptime,level,tags foldmultilines=false

Release file:
JAVA_VERSION="21.0.10" 
MODULES="java.base java.compiler java.datatransfer java.xml java.prefs java.desktop java.instrument java.logging java.management java.security.sasl java.naming java.rmi java.management.rmi java.net.http java.scripting java.security.jgss java.transaction.xa java.sql java.sql.rowset java.xml.crypto java.se java.smartcardio jdk.accessibility jdk.internal.jvmstat jdk.attach jdk.charsets jdk.internal.opt jdk.zipfs jdk.compiler jdk.crypto.ec jdk.crypto.cryptoki jdk.crypto.mscapi jdk.dynalink jdk.internal.ed jdk.editpad jdk.hotspot.agent jdk.httpserver jdk.internal.le jdk.internal.vm.ci jdk.internal.vm.compiler jdk.internal.vm.compiler.management jdk.jartool jdk.javadoc jdk.jcmd jdk.management jdk.management.agent jdk.jconsole jdk.jdeps jdk.jdwp.agent jdk.jdi jdk.jfr jdk.jshell jdk.jsobject jdk.jstatd jdk.localedata jdk.management.jfr jdk.naming.dns jdk.naming.rmi jdk.net jdk.nio.mapmode jdk.random jdk.sctp jdk.security.auth jdk.security.jgss jdk.unsupported jdk.unsupported.desktop jdk.xml.dom" 

Environment Variables:
JAVA_HOME=D:\jdk-17.0.12_windows-x64_bin\jdk-17.0.12
PATH=D:\vsCode\Microsoft VS Code;D:\jdk-17.0.12_windows-x64_bin\jdk-17.0.12\bin;D:\VMWare workstation\bin\;C:\WINDOWS\system32;C:\WINDOWS;C:\WINDOWS\System32\Wbem;C:\WINDOWS\System32\WindowsPowerShell\v1.0\;C:\WINDOWS\System32\OpenSSH\;C:\Program Files\Microsoft SQL Server\Client SDK\ODBC\110\Tools\Binn\;C:\Program Files (x86)\Microsoft SQL Server\120\Tools\Binn\;C:\Program Files\Microsoft SQL Server\120\Tools\Binn\;C:\Program Files\Microsoft SQL Server\120\DTS\Binn\;C:\Program Files (x86)\Microsoft SQL Server\120\Tools\Binn\ManagementStudio\;C:\Program Files (x86)\Microsoft SQL Server\120\DTS\Binn\;C:\Program Files\Git\cmd;C:\Program Files\Hugo\bin;C:\Program Files\Amazon\AWSCLIV2\;C:\Program Files\Docker\Docker\resources\bin;C:\Program Files\Cloudflare\Cloudflare WARP\;C:\Program Files (x86)\WiX Toolset v3.14\bin;D:\Nodejs\;C:\Users\Khanh\AppData\Local\Muse Hub\lib;C:\Users\Khanh\AppData\Local\Microsoft\WindowsApps;D:\vsCode\Microsoft VS Code\bin;D:\apache-maven-3.9.11-bin\apache-maven-3.9.11\bin;D:\jdk-17.0.12_windows-x64_bin\jdk-17.0.12\bin;C:\Users\Khanh\AppData\Roaming\npm;C:\Users\Khanh\AppData\Local\Muse Hub\lib
USERNAME=Khanh
OS=Windows_NT
PROCESSOR_IDENTIFIER=AMD64 Family 25 Model 80 Stepping 0, AuthenticAMD
TMP=C:\Users\Khanh\AppData\Local\Temp
TEMP=C:\Users\Khanh\AppData\Local\Temp




Periodic native trim disabled

---------------  S Y S T E M  ---------------

OS:
 Windows 10 , 64 bit Build 19041 (10.0.19041.5915)
OS uptime: 5 days 7:01 hours
Hyper-V role detected

CPU: total 12 (initial active 12) (12 cores per cpu, 2 threads per core) family 25 model 80 stepping 0 microcode 0x0, cx8, cmov, fxsr, ht, mmx, 3dnowpref, sse, sse2, sse3, ssse3, sse4a, sse4.1, sse4.2, popcnt, lzcnt, tsc, tscinvbit, avx, avx2, aes, erms, clmul, bmi1, bmi2, adx, sha, fma, vzeroupper, clflush, clflushopt, hv, rdtscp, rdpid, fsrm, f16c, cet_ss
Processor Information for the first 12 processors :
  Max Mhz: 3301, Current Mhz: 3301, Mhz Limit: 3301

Memory: 4k page, system-wide physical 7532M (78M free)
TotalPageFile size 26832M (AvailPageFile size 18M)
current process WorkingSet (physical memory assigned to process): 236M, peak: 260M
current process commit charge ("private bytes"): 353M, peak: 377M

vm_info: OpenJDK 64-Bit Server VM (21.0.10+7-LTS) for windows-amd64 JRE (21.0.10+7-LTS), built on 2026-01-20T00:00:00Z by "admin" with MS VC++ 17.12 (VS2022)

END.
