#
# There is insufficient memory for the Java Runtime Environment to continue.
# Native memory allocation (mmap) failed to map 18874368 bytes for G1 virtual space
# Possible reasons:
#   The system is out of physical RAM or swap space
#   The process is running with CompressedOops enabled, and the Java Heap may be blocking the growth of the native heap
# Possible solutions:
#   Reduce memory load on the system
#   Increase physical memory or swap space
#   Check if swap backing store is full
#   Decrease Java heap size (-Xmx/-Xms)
#   Decrease number of Java threads
#   Decrease Java thread stack sizes (-Xss)
#   Set larger code cache with -XX:ReservedCodeCacheSize=
#   JVM is running with Unscaled Compressed Oops mode in which the Java heap is
#     placed in the first 4GB address space. The Java Heap base address is the
#     maximum limit for the native heap growth. Please use -XX:HeapBaseMinAddress
#     to set the Java Heap base and to place the Java Heap above 4GB virtual address.
# This output file may be truncated or incomplete.
#
#  Out of Memory Error (os_windows.cpp:3548), pid=24792, tid=14352
#
# JRE version: Java(TM) SE Runtime Environment (17.0.12+8) (build 17.0.12+8-LTS-286)
# Java VM: Java HotSpot(TM) 64-Bit Server VM (17.0.12+8-LTS-286, mixed mode, emulated-client, sharing, tiered, compressed oops, compressed class ptrs, g1 gc, windows-amd64)
# No core dump will be written. Minidumps are not enabled by default on client versions of Windows
#

---------------  S U M M A R Y ------------

Command Line: -XX:TieredStopAtLevel=1 org.example.flyora_backend.FlyoraBackendApplication

Host: AMD Ryzen 5 5600H with Radeon Graphics         , 12 cores, 7G,  Windows 10 , 64 bit Build 19041 (10.0.19041.5915)
Time: Fri Mar 13 22:50:16 2026 SE Asia Standard Time elapsed time: 8.989275 seconds (0d 0h 0m 8s)

---------------  T H R E A D  ---------------

Current thread (0x0000020709ed7c10):  VMThread "VM Thread" [stack: 0x0000004c43600000,0x0000004c43700000] [id=14352]

Stack: [0x0000004c43600000,0x0000004c43700000]
Native frames: (J=compiled Java code, j=interpreted, Vv=VM code, C=native code)
V  [jvm.dll+0x67a04a]
V  [jvm.dll+0x7da4ed]
V  [jvm.dll+0x7dbe33]
V  [jvm.dll+0x7dc4a3]
V  [jvm.dll+0x24508f]
V  [jvm.dll+0x677089]
V  [jvm.dll+0x66bd32]
V  [jvm.dll+0x301fa6]
V  [jvm.dll+0x309546]
V  [jvm.dll+0x359d2e]
V  [jvm.dll+0x359f5f]
V  [jvm.dll+0x2d9078]
V  [jvm.dll+0x2dc0e6]
V  [jvm.dll+0x2e67eb]
V  [jvm.dll+0x31a870]
V  [jvm.dll+0x7e0d9b]
V  [jvm.dll+0x7e1ad4]
V  [jvm.dll+0x7e1fed]
V  [jvm.dll+0x7e23c4]
V  [jvm.dll+0x7e2490]
V  [jvm.dll+0x78abea]
V  [jvm.dll+0x678f35]
C  [ucrtbase.dll+0x21bb2]
C  [KERNEL32.DLL+0x17374]
C  [ntdll.dll+0x4cc91]

VM_Operation (0x0000004c432ff8e0): G1Concurrent, mode: safepoint, requested by thread 0x00000207780ccfc0


---------------  P R O C E S S  ---------------

Threads class SMR info:
_java_thread_list=0x000002075093c8c0, length=18, elements={
0x000002077805e0b0, 0x0000020709ee1640, 0x0000020709ee21d0, 0x0000020709ef7180,
0x0000020709ef7d10, 0x0000020709ef9750, 0x0000020709efa630, 0x0000020709efafb0,
0x0000020709f01410, 0x000002074f1bfd10, 0x000002074f1f29d0, 0x000002074f1fb070,
0x00000207509aff80, 0x00000207509b0460, 0x00000207509b1ea0, 0x00000207509bf300,
0x000002075147a900, 0x000002075147a3f0
}

Java Threads: ( => current thread )
  0x000002077805e0b0 JavaThread "main" [_thread_blocked, id=18172, stack(0x0000004c43000000,0x0000004c43100000)]
  0x0000020709ee1640 JavaThread "Reference Handler" daemon [_thread_blocked, id=18344, stack(0x0000004c43700000,0x0000004c43800000)]
  0x0000020709ee21d0 JavaThread "Finalizer" daemon [_thread_blocked, id=10084, stack(0x0000004c43800000,0x0000004c43900000)]
  0x0000020709ef7180 JavaThread "Signal Dispatcher" daemon [_thread_blocked, id=12112, stack(0x0000004c43900000,0x0000004c43a00000)]
  0x0000020709ef7d10 JavaThread "Attach Listener" daemon [_thread_blocked, id=14788, stack(0x0000004c43a00000,0x0000004c43b00000)]
  0x0000020709ef9750 JavaThread "Service Thread" daemon [_thread_blocked, id=7532, stack(0x0000004c43b00000,0x0000004c43c00000)]
  0x0000020709efa630 JavaThread "Monitor Deflation Thread" daemon [_thread_blocked, id=19560, stack(0x0000004c43c00000,0x0000004c43d00000)]
  0x0000020709efafb0 JavaThread "C1 CompilerThread0" daemon [_thread_blocked, id=20356, stack(0x0000004c43d00000,0x0000004c43e00000)]
  0x0000020709f01410 JavaThread "Sweeper thread" daemon [_thread_blocked, id=3420, stack(0x0000004c43e00000,0x0000004c43f00000)]
  0x000002074f1bfd10 JavaThread "C1 CompilerThread1" daemon [_thread_blocked, id=616, stack(0x0000004c43f00000,0x0000004c44000000)]
  0x000002074f1f29d0 JavaThread "Notification Thread" daemon [_thread_blocked, id=7344, stack(0x0000004c44000000,0x0000004c44100000)]
  0x000002074f1fb070 JavaThread "Common-Cleaner" daemon [_thread_blocked, id=13360, stack(0x0000004c44200000,0x0000004c44300000)]
  0x00000207509aff80 JavaThread "Catalina-utility-1" [_thread_blocked, id=3816, stack(0x0000004c44e00000,0x0000004c44f00000)]
  0x00000207509b0460 JavaThread "Catalina-utility-2" [_thread_blocked, id=16700, stack(0x0000004c44f00000,0x0000004c45000000)]
  0x00000207509b1ea0 JavaThread "container-0" [_thread_blocked, id=6388, stack(0x0000004c45000000,0x0000004c45100000)]
  0x00000207509bf300 JavaThread "mysql-cj-abandoned-connection-cleanup" daemon [_thread_blocked, id=8636, stack(0x0000004c45100000,0x0000004c45200000)]
  0x000002075147a900 JavaThread "HikariPool-1:housekeeper" daemon [_thread_blocked, id=27356, stack(0x0000004c45300000,0x0000004c45400000)]
  0x000002075147a3f0 JavaThread "HikariPool-1:connection-adder" daemon [_thread_blocked, id=20932, stack(0x0000004c45400000,0x0000004c45500000)]

Other Threads:
=>0x0000020709ed7c10 VMThread "VM Thread" [stack: 0x0000004c43600000,0x0000004c43700000] [id=14352]
  0x00000207780d5690 WatcherThread [stack: 0x0000004c44100000,0x0000004c44200000] [id=25400]
  0x00000207780bd5e0 GCTaskThread "GC Thread#0" [stack: 0x0000004c43100000,0x0000004c43200000] [id=4168]
  0x000002074fb68f00 GCTaskThread "GC Thread#1" [stack: 0x0000004c44300000,0x0000004c44400000] [id=23248]
  0x000002074fb882b0 GCTaskThread "GC Thread#2" [stack: 0x0000004c44400000,0x0000004c44500000] [id=20556]
  0x000002074fb88570 GCTaskThread "GC Thread#3" [stack: 0x0000004c44500000,0x0000004c44600000] [id=17072]
  0x000002074fb89050 GCTaskThread "GC Thread#4" [stack: 0x0000004c44600000,0x0000004c44700000] [id=15944]
  0x000002074fd38ba0 GCTaskThread "GC Thread#5" [stack: 0x0000004c44800000,0x0000004c44900000] [id=12212]
  0x000002074fe213a0 GCTaskThread "GC Thread#6" [stack: 0x0000004c44900000,0x0000004c44a00000] [id=10852]
  0x000002074fe21660 GCTaskThread "GC Thread#7" [stack: 0x0000004c44a00000,0x0000004c44b00000] [id=13936]
  0x000002075038a1a0 GCTaskThread "GC Thread#8" [stack: 0x0000004c44700000,0x0000004c44800000] [id=17132]
  0x000002075038a870 GCTaskThread "GC Thread#9" [stack: 0x0000004c44b00000,0x0000004c44c00000] [id=10464]
  0x00000207780ccfc0 ConcurrentGCThread "G1 Main Marker" [stack: 0x0000004c43200000,0x0000004c43300000] [id=14432]
  0x00000207780ce080 ConcurrentGCThread "G1 Conc#0" [stack: 0x0000004c43300000,0x0000004c43400000] [id=8116]
  0x000002075042eaf0 ConcurrentGCThread "G1 Conc#1" [stack: 0x0000004c44c00000,0x0000004c44d00000] [id=21416]
  0x000002075042fb70 ConcurrentGCThread "G1 Conc#2" [stack: 0x0000004c44d00000,0x0000004c44e00000] [id=18840]
  0x0000020709d924c0 ConcurrentGCThread "G1 Refine#0" [stack: 0x0000004c43400000,0x0000004c43500000] [id=8484]
  0x0000020751bc3900 ConcurrentGCThread "G1 Refine#1" [stack: 0x0000004c45500000,0x0000004c45600000] [id=20816]
  0x000002075205d040 ConcurrentGCThread "G1 Refine#2" [stack: 0x0000004c45600000,0x0000004c45700000] [id=4092]
  0x00000207520ab4e0 ConcurrentGCThread "G1 Refine#3" [stack: 0x0000004c45700000,0x0000004c45800000] [id=13728]
  0x0000020709d92e00 ConcurrentGCThread "G1 Service" [stack: 0x0000004c43500000,0x0000004c43600000] [id=9300]

Threads with active compile tasks:

VM state: at safepoint (normal execution)

VM Mutex/Monitor currently owned by a thread:  ([mutex/lock_event])
[0x000002077805a530] Threads_lock - owner thread: 0x0000020709ed7c10
[0x0000020778059ba0] Heap_lock - owner thread: 0x00000207780ccfc0

Heap address: 0x000000008a400000, size: 1884 MB, Compressed Oops mode: 32-bit

CDS archive(s) mapped at: [0x000002070a000000-0x000002070abd0000-0x000002070abd0000), size 12386304, SharedBaseAddress: 0x000002070a000000, ArchiveRelocationMode: 1.
Compressed class space mapped at: 0x000002070b000000-0x000002074b000000, reserved size: 1073741824
Narrow klass base: 0x000002070a000000, Narrow klass shift: 0, Narrow klass range: 0x100000000

GC Precious Log:
 CPUs: 12 total, 12 available
 Memory: 7532M
 Large Page Support: Disabled
 NUMA Support: Disabled
 Compressed Oops: Enabled (32-bit)
 Heap Region Size: 1M
 Heap Min Capacity: 8M
 Heap Initial Capacity: 118M
 Heap Max Capacity: 1884M
 Pre-touch: Disabled
 Parallel Workers: 10
 Concurrent Workers: 3
 Concurrent Refinement Workers: 10
 Periodic GC: Disabled

Heap:
 garbage-first heap   total 147456K, used 97884K [0x000000008a400000, 0x0000000100000000)
  region size 1024K, 18 young (18432K), 4 survivors (4096K)
 Metaspace       used 73652K, committed 74304K, reserved 1114112K
  class space    used 11019K, committed 11328K, reserved 1048576K

Heap Regions: E=young(eden), S=young(survivor), O=old, HS=humongous(starts), HC=humongous(continues), CS=collection set, F=free, OA=open archive, CA=closed archive, TAMS=top-at-mark-start (previous, next)
|   0|0x000000008a400000, 0x000000008a500000, 0x000000008a500000|100%|HS|  |TAMS 0x000000008a500000, 0x000000008a400000| Complete 
|   1|0x000000008a500000, 0x000000008a600000, 0x000000008a600000|100%|HS|  |TAMS 0x000000008a600000, 0x000000008a500000| Complete 
|   2|0x000000008a600000, 0x000000008a700000, 0x000000008a700000|100%| O|  |TAMS 0x000000008a700000, 0x000000008a600000| Untracked 
|   3|0x000000008a700000, 0x000000008a800000, 0x000000008a800000|100%| O|  |TAMS 0x000000008a800000, 0x000000008a700000| Untracked 
|   4|0x000000008a800000, 0x000000008a900000, 0x000000008a900000|100%| O|  |TAMS 0x000000008a900000, 0x000000008a800000| Untracked 
|   5|0x000000008a900000, 0x000000008aa00000, 0x000000008aa00000|100%| O|  |TAMS 0x000000008aa00000, 0x000000008a900000| Untracked 
|   6|0x000000008aa00000, 0x000000008ab00000, 0x000000008ab00000|100%| O|  |TAMS 0x000000008ab00000, 0x000000008aa00000| Untracked 
|   7|0x000000008ab00000, 0x000000008ac00000, 0x000000008ac00000|100%| O|  |TAMS 0x000000008ac00000, 0x000000008ab00000| Untracked 
|   8|0x000000008ac00000, 0x000000008ad00000, 0x000000008ad00000|100%| O|  |TAMS 0x000000008ad00000, 0x000000008ac00000| Updating 
|   9|0x000000008ad00000, 0x000000008ae00000, 0x000000008ae00000|100%| O|  |TAMS 0x000000008ae00000, 0x000000008ad00000| Untracked 
|  10|0x000000008ae00000, 0x000000008af00000, 0x000000008af00000|100%| O|  |TAMS 0x000000008af00000, 0x000000008ae00000| Untracked 
|  11|0x000000008af00000, 0x000000008b000000, 0x000000008b000000|100%| O|  |TAMS 0x000000008b000000, 0x000000008af00000| Untracked 
|  12|0x000000008b000000, 0x000000008b100000, 0x000000008b100000|100%| O|  |TAMS 0x000000008b100000, 0x000000008b000000| Untracked 
|  13|0x000000008b100000, 0x000000008b200000, 0x000000008b200000|100%| O|  |TAMS 0x000000008b200000, 0x000000008b100000| Updating 
|  14|0x000000008b200000, 0x000000008b300000, 0x000000008b300000|100%| O|  |TAMS 0x000000008b300000, 0x000000008b200000| Updating 
|  15|0x000000008b300000, 0x000000008b400000, 0x000000008b400000|100%| O|  |TAMS 0x000000008b400000, 0x000000008b300000| Untracked 
|  16|0x000000008b400000, 0x000000008b4c7c00, 0x000000008b500000| 78%| O|  |TAMS 0x000000008b4c7c00, 0x000000008b400000| Updating 
|  17|0x000000008b500000, 0x000000008b600000, 0x000000008b600000|100%| O|  |TAMS 0x000000008b600000, 0x000000008b500000| Untracked 
|  18|0x000000008b600000, 0x000000008b700000, 0x000000008b700000|100%| O|  |TAMS 0x000000008b700000, 0x000000008b600000| Untracked 
|  19|0x000000008b700000, 0x000000008b800000, 0x000000008b800000|100%| O|  |TAMS 0x000000008b800000, 0x000000008b700000| Untracked 
|  20|0x000000008b800000, 0x000000008b900000, 0x000000008b900000|100%| O|  |TAMS 0x000000008b900000, 0x000000008b800000| Updating 
|  21|0x000000008b900000, 0x000000008ba00000, 0x000000008ba00000|100%| O|  |TAMS 0x000000008ba00000, 0x000000008b900000| Untracked 
|  22|0x000000008ba00000, 0x000000008bb00000, 0x000000008bb00000|100%| O|  |TAMS 0x000000008bb00000, 0x000000008ba00000| Untracked 
|  23|0x000000008bb00000, 0x000000008bc00000, 0x000000008bc00000|100%| O|  |TAMS 0x000000008bc00000, 0x000000008bb00000| Untracked 
|  24|0x000000008bc00000, 0x000000008bd00000, 0x000000008bd00000|100%| O|  |TAMS 0x000000008bd00000, 0x000000008bc00000| Untracked 
|  25|0x000000008bd00000, 0x000000008be00000, 0x000000008be00000|100%| O|  |TAMS 0x000000008be00000, 0x000000008bd00000| Updating 
|  26|0x000000008be00000, 0x000000008bf00000, 0x000000008bf00000|100%| O|  |TAMS 0x000000008bf00000, 0x000000008be00000| Untracked 
|  27|0x000000008bf00000, 0x000000008c000000, 0x000000008c000000|100%| O|  |TAMS 0x000000008c000000, 0x000000008bf00000| Untracked 
|  28|0x000000008c000000, 0x000000008c100000, 0x000000008c100000|100%| O|  |TAMS 0x000000008c100000, 0x000000008c000000| Untracked 
|  29|0x000000008c100000, 0x000000008c200000, 0x000000008c200000|100%| O|  |TAMS 0x000000008c200000, 0x000000008c100000| Untracked 
|  30|0x000000008c200000, 0x000000008c300000, 0x000000008c300000|100%| O|  |TAMS 0x000000008c300000, 0x000000008c200000| Updating 
|  31|0x000000008c300000, 0x000000008c400000, 0x000000008c400000|100%| O|  |TAMS 0x000000008c400000, 0x000000008c300000| Untracked 
|  32|0x000000008c400000, 0x000000008c500000, 0x000000008c500000|100%| O|  |TAMS 0x000000008c500000, 0x000000008c400000| Untracked 
|  33|0x000000008c500000, 0x000000008c600000, 0x000000008c600000|100%| O|  |TAMS 0x000000008c600000, 0x000000008c500000| Untracked 
|  34|0x000000008c600000, 0x000000008c700000, 0x000000008c700000|100%| O|  |TAMS 0x000000008c700000, 0x000000008c600000| Untracked 
|  35|0x000000008c700000, 0x000000008c800000, 0x000000008c800000|100%| O|  |TAMS 0x000000008c800000, 0x000000008c700000| Untracked 
|  36|0x000000008c800000, 0x000000008c900000, 0x000000008c900000|100%| O|  |TAMS 0x000000008c900000, 0x000000008c800000| Untracked 
|  37|0x000000008c900000, 0x000000008ca00000, 0x000000008ca00000|100%| O|  |TAMS 0x000000008ca00000, 0x000000008c900000| Untracked 
|  38|0x000000008ca00000, 0x000000008cb00000, 0x000000008cb00000|100%| O|  |TAMS 0x000000008cb00000, 0x000000008ca00000| Untracked 
|  39|0x000000008cb00000, 0x000000008cc00000, 0x000000008cc00000|100%| O|  |TAMS 0x000000008cc00000, 0x000000008cb00000| Updating 
|  40|0x000000008cc00000, 0x000000008cd00000, 0x000000008cd00000|100%| O|  |TAMS 0x000000008cd00000, 0x000000008cc00000| Untracked 
|  41|0x000000008cd00000, 0x000000008ce00000, 0x000000008ce00000|100%| O|  |TAMS 0x000000008ce00000, 0x000000008cd00000| Untracked 
|  42|0x000000008ce00000, 0x000000008cf00000, 0x000000008cf00000|100%| O|  |TAMS 0x000000008cf00000, 0x000000008ce00000| Untracked 
|  43|0x000000008cf00000, 0x000000008d000000, 0x000000008d000000|100%| O|  |TAMS 0x000000008d000000, 0x000000008cf00000| Untracked 
|  44|0x000000008d000000, 0x000000008d100000, 0x000000008d100000|100%| O|  |TAMS 0x000000008d100000, 0x000000008d000000| Untracked 
|  45|0x000000008d100000, 0x000000008d200000, 0x000000008d200000|100%| O|  |TAMS 0x000000008d200000, 0x000000008d100000| Untracked 
|  46|0x000000008d200000, 0x000000008d300000, 0x000000008d300000|100%| O|  |TAMS 0x000000008d300000, 0x000000008d200000| Untracked 
|  47|0x000000008d300000, 0x000000008d400000, 0x000000008d400000|100%| O|  |TAMS 0x000000008d400000, 0x000000008d300000| Untracked 
|  48|0x000000008d400000, 0x000000008d500000, 0x000000008d500000|100%| O|  |TAMS 0x000000008d500000, 0x000000008d400000| Untracked 
|  49|0x000000008d500000, 0x000000008d600000, 0x000000008d600000|100%| O|  |TAMS 0x000000008d600000, 0x000000008d500000| Untracked 
|  50|0x000000008d600000, 0x000000008d700000, 0x000000008d700000|100%| O|  |TAMS 0x000000008d700000, 0x000000008d600000| Updating 
|  51|0x000000008d700000, 0x000000008d800000, 0x000000008d800000|100%| O|  |TAMS 0x000000008d800000, 0x000000008d700000| Untracked 
|  52|0x000000008d800000, 0x000000008d900000, 0x000000008d900000|100%| O|  |TAMS 0x000000008d900000, 0x000000008d800000| Untracked 
|  53|0x000000008d900000, 0x000000008da00000, 0x000000008da00000|100%| O|  |TAMS 0x000000008da00000, 0x000000008d900000| Untracked 
|  54|0x000000008da00000, 0x000000008db00000, 0x000000008db00000|100%| O|  |TAMS 0x000000008db00000, 0x000000008da00000| Untracked 
|  55|0x000000008db00000, 0x000000008db00000, 0x000000008dc00000|  0%| F|  |TAMS 0x000000008db00000, 0x000000008db00000| Untracked 
|  56|0x000000008dc00000, 0x000000008dd00000, 0x000000008dd00000|100%| O|  |TAMS 0x000000008dd00000, 0x000000008dc00000| Untracked 
|  57|0x000000008dd00000, 0x000000008de00000, 0x000000008de00000|100%| O|  |TAMS 0x000000008de00000, 0x000000008dd00000| Untracked 
|  58|0x000000008de00000, 0x000000008df00000, 0x000000008df00000|100%| O|  |TAMS 0x000000008df00000, 0x000000008de00000| Untracked 
|  59|0x000000008df00000, 0x000000008e000000, 0x000000008e000000|100%| O|  |TAMS 0x000000008e000000, 0x000000008df00000| Updating 
|  60|0x000000008e000000, 0x000000008e100000, 0x000000008e100000|100%| O|  |TAMS 0x000000008e100000, 0x000000008e000000| Updating 
|  61|0x000000008e100000, 0x000000008e200000, 0x000000008e200000|100%| O|  |TAMS 0x000000008e200000, 0x000000008e100000| Updating 
|  62|0x000000008e200000, 0x000000008e300000, 0x000000008e300000|100%| O|  |TAMS 0x000000008e300000, 0x000000008e200000| Untracked 
|  63|0x000000008e300000, 0x000000008e400000, 0x000000008e400000|100%| O|  |TAMS 0x000000008e400000, 0x000000008e300000| Untracked 
|  64|0x000000008e400000, 0x000000008e500000, 0x000000008e500000|100%| O|  |TAMS 0x000000008e500000, 0x000000008e400000| Untracked 
|  65|0x000000008e500000, 0x000000008e600000, 0x000000008e600000|100%| O|  |TAMS 0x000000008e600000, 0x000000008e500000| Untracked 
|  66|0x000000008e600000, 0x000000008e700000, 0x000000008e700000|100%| O|  |TAMS 0x000000008e700000, 0x000000008e600000| Untracked 
|  67|0x000000008e700000, 0x000000008e800000, 0x000000008e800000|100%| O|  |TAMS 0x000000008e800000, 0x000000008e700000| Untracked 
|  68|0x000000008e800000, 0x000000008e900000, 0x000000008e900000|100%| O|  |TAMS 0x000000008e900000, 0x000000008e800000| Untracked 
|  69|0x000000008e900000, 0x000000008ea00000, 0x000000008ea00000|100%| O|  |TAMS 0x000000008ea00000, 0x000000008e900000| Untracked 
|  70|0x000000008ea00000, 0x000000008eb00000, 0x000000008eb00000|100%| O|  |TAMS 0x000000008eb00000, 0x000000008ea00000| Untracked 
|  71|0x000000008eb00000, 0x000000008ec00000, 0x000000008ec00000|100%| O|  |TAMS 0x000000008ec00000, 0x000000008eb00000| Untracked 
|  72|0x000000008ec00000, 0x000000008ed00000, 0x000000008ed00000|100%| O|  |TAMS 0x000000008ed00000, 0x000000008ec00000| Untracked 
|  73|0x000000008ed00000, 0x000000008ee00000, 0x000000008ee00000|100%| O|  |TAMS 0x000000008ed8a200, 0x000000008ed00000| Updating 
|  74|0x000000008ee00000, 0x000000008ef00000, 0x000000008ef00000|100%| O|  |TAMS 0x000000008ee00000, 0x000000008ee00000| Untracked 
|  75|0x000000008ef00000, 0x000000008f000000, 0x000000008f000000|100%| O|  |TAMS 0x000000008ef00000, 0x000000008ef00000| Untracked 
|  76|0x000000008f000000, 0x000000008f100000, 0x000000008f100000|100%| O|  |TAMS 0x000000008f000000, 0x000000008f000000| Untracked 
|  77|0x000000008f100000, 0x000000008f200000, 0x000000008f200000|100%| O|  |TAMS 0x000000008f100000, 0x000000008f100000| Untracked 
|  78|0x000000008f200000, 0x000000008f300000, 0x000000008f300000|100%| O|  |TAMS 0x000000008f200000, 0x000000008f200000| Untracked 
|  79|0x000000008f300000, 0x000000008f3ef000, 0x000000008f400000| 93%| O|  |TAMS 0x000000008f300000, 0x000000008f300000| Untracked 
|  80|0x000000008f400000, 0x000000008f400000, 0x000000008f500000|  0%| F|  |TAMS 0x000000008f400000, 0x000000008f400000| Untracked 
|  81|0x000000008f500000, 0x000000008f500000, 0x000000008f600000|  0%| F|  |TAMS 0x000000008f500000, 0x000000008f500000| Untracked 
|  82|0x000000008f600000, 0x000000008f600000, 0x000000008f700000|  0%| F|  |TAMS 0x000000008f600000, 0x000000008f600000| Untracked 
|  83|0x000000008f700000, 0x000000008f700000, 0x000000008f800000|  0%| F|  |TAMS 0x000000008f700000, 0x000000008f700000| Untracked 
|  84|0x000000008f800000, 0x000000008f800000, 0x000000008f900000|  0%| F|  |TAMS 0x000000008f800000, 0x000000008f800000| Untracked 
|  85|0x000000008f900000, 0x000000008f900000, 0x000000008fa00000|  0%| F|  |TAMS 0x000000008f900000, 0x000000008f900000| Untracked 
|  86|0x000000008fa00000, 0x000000008fa00000, 0x000000008fb00000|  0%| F|  |TAMS 0x000000008fa00000, 0x000000008fa00000| Untracked 
|  87|0x000000008fb00000, 0x000000008fb00000, 0x000000008fc00000|  0%| F|  |TAMS 0x000000008fb00000, 0x000000008fb00000| Untracked 
|  88|0x000000008fc00000, 0x000000008fc00000, 0x000000008fd00000|  0%| F|  |TAMS 0x000000008fc00000, 0x000000008fc00000| Untracked 
|  89|0x000000008fd00000, 0x000000008fd00000, 0x000000008fe00000|  0%| F|  |TAMS 0x000000008fd00000, 0x000000008fd00000| Untracked 
|  90|0x000000008fe00000, 0x000000008fe00000, 0x000000008ff00000|  0%| F|  |TAMS 0x000000008fe00000, 0x000000008fe00000| Untracked 
|  91|0x000000008ff00000, 0x000000008ff00000, 0x0000000090000000|  0%| F|  |TAMS 0x000000008ff00000, 0x000000008ff00000| Untracked 
|  92|0x0000000090000000, 0x0000000090000000, 0x0000000090100000|  0%| F|  |TAMS 0x0000000090000000, 0x0000000090000000| Untracked 
|  93|0x0000000090100000, 0x0000000090100000, 0x0000000090200000|  0%| F|  |TAMS 0x0000000090100000, 0x0000000090100000| Untracked 
|  94|0x0000000090200000, 0x0000000090200000, 0x0000000090300000|  0%| F|  |TAMS 0x0000000090200000, 0x0000000090200000| Untracked 
|  95|0x0000000090300000, 0x0000000090300000, 0x0000000090400000|  0%| F|  |TAMS 0x0000000090300000, 0x0000000090300000| Untracked 
|  96|0x0000000090400000, 0x0000000090400000, 0x0000000090500000|  0%| F|  |TAMS 0x0000000090400000, 0x0000000090400000| Untracked 
|  97|0x0000000090500000, 0x0000000090500000, 0x0000000090600000|  0%| F|  |TAMS 0x0000000090500000, 0x0000000090500000| Untracked 
|  98|0x0000000090600000, 0x0000000090600000, 0x0000000090700000|  0%| F|  |TAMS 0x0000000090600000, 0x0000000090600000| Untracked 
|  99|0x0000000090700000, 0x0000000090700000, 0x0000000090800000|  0%| F|  |TAMS 0x0000000090700000, 0x0000000090700000| Untracked 
| 100|0x0000000090800000, 0x0000000090800000, 0x0000000090900000|  0%| F|  |TAMS 0x0000000090800000, 0x0000000090800000| Untracked 
| 101|0x0000000090900000, 0x0000000090900000, 0x0000000090a00000|  0%| F|  |TAMS 0x0000000090900000, 0x0000000090900000| Untracked 
| 102|0x0000000090a00000, 0x0000000090a00000, 0x0000000090b00000|  0%| F|  |TAMS 0x0000000090a00000, 0x0000000090a00000| Untracked 
| 103|0x0000000090b00000, 0x0000000090b00000, 0x0000000090c00000|  0%| F|  |TAMS 0x0000000090b00000, 0x0000000090b00000| Untracked 
| 104|0x0000000090c00000, 0x0000000090c00000, 0x0000000090d00000|  0%| F|  |TAMS 0x0000000090c00000, 0x0000000090c00000| Untracked 
| 105|0x0000000090d00000, 0x0000000090d00000, 0x0000000090e00000|  0%| F|  |TAMS 0x0000000090d00000, 0x0000000090d00000| Untracked 
| 106|0x0000000090e00000, 0x0000000090e00000, 0x0000000090f00000|  0%| F|  |TAMS 0x0000000090e00000, 0x0000000090e00000| Untracked 
| 107|0x0000000090f00000, 0x0000000090f00000, 0x0000000091000000|  0%| F|  |TAMS 0x0000000090f00000, 0x0000000090f00000| Untracked 
| 108|0x0000000091000000, 0x0000000091000000, 0x0000000091100000|  0%| F|  |TAMS 0x0000000091000000, 0x0000000091000000| Untracked 
| 109|0x0000000091100000, 0x0000000091100000, 0x0000000091200000|  0%| F|  |TAMS 0x0000000091100000, 0x0000000091100000| Untracked 
| 110|0x0000000091200000, 0x0000000091200000, 0x0000000091300000|  0%| F|  |TAMS 0x0000000091200000, 0x0000000091200000| Untracked 
| 111|0x0000000091300000, 0x0000000091300000, 0x0000000091400000|  0%| F|  |TAMS 0x0000000091300000, 0x0000000091300000| Untracked 
| 112|0x0000000091400000, 0x00000000914e0460, 0x0000000091500000| 87%| S|CS|TAMS 0x0000000091400000, 0x0000000091400000| Complete 
| 113|0x0000000091500000, 0x0000000091600000, 0x0000000091600000|100%| S|CS|TAMS 0x0000000091500000, 0x0000000091500000| Complete 
| 114|0x0000000091600000, 0x0000000091700000, 0x0000000091700000|100%| S|CS|TAMS 0x0000000091600000, 0x0000000091600000| Complete 
| 115|0x0000000091700000, 0x0000000091800000, 0x0000000091800000|100%| S|CS|TAMS 0x0000000091700000, 0x0000000091700000| Complete 
| 116|0x0000000091800000, 0x0000000091800000, 0x0000000091900000|  0%| F|  |TAMS 0x0000000091800000, 0x0000000091800000| Untracked 
| 117|0x0000000091900000, 0x0000000091900000, 0x0000000091a00000|  0%| F|  |TAMS 0x0000000091900000, 0x0000000091900000| Untracked 
| 118|0x0000000091a00000, 0x0000000091a00000, 0x0000000091b00000|  0%| F|  |TAMS 0x0000000091a00000, 0x0000000091a00000| Untracked 
| 119|0x0000000091b00000, 0x0000000091b00000, 0x0000000091c00000|  0%| F|  |TAMS 0x0000000091b00000, 0x0000000091b00000| Untracked 
| 120|0x0000000091c00000, 0x0000000091c00000, 0x0000000091d00000|  0%| F|  |TAMS 0x0000000091c00000, 0x0000000091c00000| Untracked 
| 121|0x0000000091d00000, 0x0000000091d00000, 0x0000000091e00000|  0%| F|  |TAMS 0x0000000091d00000, 0x0000000091d00000| Untracked 
| 122|0x0000000091e00000, 0x0000000091e00000, 0x0000000091f00000|  0%| F|  |TAMS 0x0000000091e00000, 0x0000000091e00000| Untracked 
| 123|0x0000000091f00000, 0x0000000091f00000, 0x0000000092000000|  0%| F|  |TAMS 0x0000000091f00000, 0x0000000091f00000| Untracked 
| 124|0x0000000092000000, 0x0000000092000000, 0x0000000092100000|  0%| F|  |TAMS 0x0000000092000000, 0x0000000092000000| Untracked 
| 125|0x0000000092100000, 0x0000000092100000, 0x0000000092200000|  0%| F|  |TAMS 0x0000000092100000, 0x0000000092100000| Untracked 
| 126|0x0000000092200000, 0x0000000092200000, 0x0000000092300000|  0%| F|  |TAMS 0x0000000092200000, 0x0000000092200000| Untracked 
| 127|0x0000000092300000, 0x0000000092300000, 0x0000000092400000|  0%| F|  |TAMS 0x0000000092300000, 0x0000000092300000| Untracked 
| 128|0x0000000092400000, 0x0000000092400000, 0x0000000092500000|  0%| F|  |TAMS 0x0000000092400000, 0x0000000092400000| Untracked 
| 129|0x0000000092500000, 0x0000000092500000, 0x0000000092600000|  0%| F|  |TAMS 0x0000000092500000, 0x0000000092500000| Untracked 
| 130|0x0000000092600000, 0x0000000092700000, 0x0000000092700000|100%| E|  |TAMS 0x0000000092600000, 0x0000000092600000| Complete 
| 131|0x0000000092700000, 0x0000000092800000, 0x0000000092800000|100%| E|CS|TAMS 0x0000000092700000, 0x0000000092700000| Complete 
| 132|0x0000000092800000, 0x0000000092900000, 0x0000000092900000|100%| E|CS|TAMS 0x0000000092800000, 0x0000000092800000| Complete 
| 133|0x0000000092900000, 0x0000000092a00000, 0x0000000092a00000|100%| E|CS|TAMS 0x0000000092900000, 0x0000000092900000| Complete 
| 134|0x0000000092a00000, 0x0000000092b00000, 0x0000000092b00000|100%| E|CS|TAMS 0x0000000092a00000, 0x0000000092a00000| Complete 
| 135|0x0000000092b00000, 0x0000000092c00000, 0x0000000092c00000|100%| E|CS|TAMS 0x0000000092b00000, 0x0000000092b00000| Complete 
| 136|0x0000000092c00000, 0x0000000092d00000, 0x0000000092d00000|100%| E|CS|TAMS 0x0000000092c00000, 0x0000000092c00000| Complete 
| 137|0x0000000092d00000, 0x0000000092e00000, 0x0000000092e00000|100%| E|CS|TAMS 0x0000000092d00000, 0x0000000092d00000| Complete 
| 138|0x0000000092e00000, 0x0000000092f00000, 0x0000000092f00000|100%| E|CS|TAMS 0x0000000092e00000, 0x0000000092e00000| Complete 
| 139|0x0000000092f00000, 0x0000000093000000, 0x0000000093000000|100%| E|CS|TAMS 0x0000000092f00000, 0x0000000092f00000| Complete 
| 140|0x0000000093000000, 0x0000000093100000, 0x0000000093100000|100%| E|CS|TAMS 0x0000000093000000, 0x0000000093000000| Complete 
| 141|0x0000000093100000, 0x0000000093200000, 0x0000000093200000|100%| E|CS|TAMS 0x0000000093100000, 0x0000000093100000| Complete 
| 142|0x0000000093200000, 0x0000000093300000, 0x0000000093300000|100%| E|CS|TAMS 0x0000000093200000, 0x0000000093200000| Complete 
| 143|0x0000000093300000, 0x0000000093400000, 0x0000000093400000|100%| E|CS|TAMS 0x0000000093300000, 0x0000000093300000| Complete 

Card table byte_map: [0x0000020703000000,0x00000207033b0000] _byte_map_base: 0x0000020702bae000

Marking Bits (Prev, Next): (CMBitMap*) 0x00000207780bdb50, (CMBitMap*) 0x00000207780bdb10
 Prev Bits: [0x00000207054d0000, 0x0000020707240000)
 Next Bits: [0x0000020703760000, 0x00000207054d0000)

Polling page: 0x0000020775fb0000

Metaspace:

Usage:
  Non-class:     61.17 MB used.
      Class:     10.76 MB used.
       Both:     71.93 MB used.

Virtual space:
  Non-class space:       64.00 MB reserved,      61.50 MB ( 96%) committed,  1 nodes.
      Class space:        1.00 GB reserved,      11.06 MB (  1%) committed,  1 nodes.
             Both:        1.06 GB reserved,      72.56 MB (  7%) committed. 

Chunk freelists:
   Non-Class:  2.25 MB
       Class:  4.95 MB
        Both:  7.20 MB

MaxMetaspaceSize: unlimited
CompressedClassSpaceSize: 1.00 GB
Initial GC threshold: 21.00 MB
Current GC threshold: 118.38 MB
CDS: on
MetaspaceReclaimPolicy: balanced
 - commit_granule_bytes: 65536.
 - commit_granule_words: 8192.
 - virtual_space_node_default_size: 8388608.
 - enlarge_chunks_in_place: 1.
 - new_chunks_are_fully_committed: 0.
 - uncommit_free_chunks: 1.
 - use_allocation_guard: 0.
 - handle_deallocations: 1.


Internal statistics:

num_allocs_failed_limit: 9.
num_arena_births: 900.
num_arena_deaths: 0.
num_vsnodes_births: 2.
num_vsnodes_deaths: 0.
num_space_committed: 1161.
num_space_uncommitted: 0.
num_chunks_returned_to_freelist: 9.
num_chunks_taken_from_freelist: 3610.
num_chunk_merges: 9.
num_chunk_splits: 2617.
num_chunks_enlarged: 2058.
num_inconsistent_stats: 0.

CodeCache: size=49152Kb used=14077Kb max_used=14077Kb free=35075Kb
 bounds [0x0000020700000000, 0x0000020700dc0000, 0x0000020703000000]
 total_blobs=8679 nmethods=7988 adapters=616
 compilation: enabled
              stopped_count=0, restarted_count=0
 full_count=0

Compilation events (20 events):
Event: 8.729 Thread 0x0000020709efafb0 nmethod 7978 0x0000020700dbbb10 code [0x0000020700dbbcc0, 0x0000020700dbbea8]
Event: 8.730 Thread 0x000002074f1bfd10 nmethod 7979 0x0000020700dbbf90 code [0x0000020700dbc140, 0x0000020700dbc3a8]
Event: 8.775 Thread 0x000002074f1bfd10 7980   !   1       org.antlr.v4.runtime.atn.LexerActionExecutor::execute (166 bytes)
Event: 8.776 Thread 0x000002074f1bfd10 nmethod 7980 0x0000020700dbc490 code [0x0000020700dbc680, 0x0000020700dbcb98]
Event: 8.800 Thread 0x000002074f1bfd10 7981       1       org.antlr.v4.runtime.atn.LexerSkipAction::isPositionDependent (2 bytes)
Event: 8.800 Thread 0x000002074f1bfd10 nmethod 7981 0x0000020700dbd010 code [0x0000020700dbd1a0, 0x0000020700dbd278]
Event: 8.931 Thread 0x000002074f1bfd10 7982       1       sun.security.jca.GetInstance::getServices (11 bytes)
Event: 8.931 Thread 0x0000020709efafb0 7983       1       sun.security.jca.ProviderList::getServices (11 bytes)
Event: 8.932 Thread 0x0000020709efafb0 nmethod 7983 0x0000020700dbd310 code [0x0000020700dbd4a0, 0x0000020700dbd608]
Event: 8.932 Thread 0x0000020709efafb0 7984       1       sun.security.jca.ProviderList$ServiceList::<init> (40 bytes)
Event: 8.932 Thread 0x000002074f1bfd10 nmethod 7982 0x0000020700dbd690 code [0x0000020700dbd840, 0x0000020700dbda38]
Event: 8.932 Thread 0x0000020709efafb0 nmethod 7984 0x0000020700dbdb90 code [0x0000020700dbdd20, 0x0000020700dbdf78]
Event: 8.936 Thread 0x0000020709efafb0 7985       1       java.lang.Math::subtractExact (26 bytes)
Event: 8.936 Thread 0x000002074f1bfd10 7986       1       java.nio.ByteBuffer::reset (7 bytes)
Event: 8.937 Thread 0x0000020709efafb0 nmethod 7985 0x0000020700dbe010 code [0x0000020700dbe1a0, 0x0000020700dbe2e8]
Event: 8.937 Thread 0x000002074f1bfd10 nmethod 7986 0x0000020700dbe390 code [0x0000020700dbe520, 0x0000020700dbe648]
Event: 8.937 Thread 0x000002074f1bfd10 7987       1       java.nio.Buffer::reset (24 bytes)
Event: 8.937 Thread 0x000002074f1bfd10 nmethod 7987 0x0000020700dbe710 code [0x0000020700dbe8a0, 0x0000020700dbe9c8]
Event: 8.938 Thread 0x000002074f1bfd10 7988       1       sun.security.ssl.Record::putBytes8 (43 bytes)
Event: 8.939 Thread 0x000002074f1bfd10 nmethod 7988 0x0000020700dbea90 code [0x0000020700dbeca0, 0x0000020700dbf188]

GC Heap History (20 events):
Event: 7.989 GC heap before
{Heap before GC invocations=17 (full 0):
 garbage-first heap   total 82944K, used 65814K [0x000000008a400000, 0x0000000100000000)
  region size 1024K, 32 young (32768K), 5 survivors (5120K)
 Metaspace       used 71754K, committed 72384K, reserved 1114112K
  class space    used 10735K, committed 11072K, reserved 1048576K
}
Event: 7.994 GC heap after
{Heap after GC invocations=18 (full 0):
 garbage-first heap   total 82944K, used 42300K [0x000000008a400000, 0x0000000100000000)
  region size 1024K, 4 young (4096K), 4 survivors (4096K)
 Metaspace       used 71754K, committed 72384K, reserved 1114112K
  class space    used 10735K, committed 11072K, reserved 1048576K
}
Event: 8.023 GC heap before
{Heap before GC invocations=18 (full 0):
 garbage-first heap   total 82944K, used 64828K [0x000000008a400000, 0x0000000100000000)
  region size 1024K, 26 young (26624K), 4 survivors (4096K)
 Metaspace       used 71760K, committed 72384K, reserved 1114112K
  class space    used 10735K, committed 11072K, reserved 1048576K
}
Event: 8.024 GC heap after
{Heap after GC invocations=19 (full 0):
 garbage-first heap   total 100352K, used 41031K [0x000000008a400000, 0x0000000100000000)
  region size 1024K, 1 young (1024K), 1 survivors (1024K)
 Metaspace       used 71760K, committed 72384K, reserved 1114112K
  class space    used 10735K, committed 11072K, reserved 1048576K
}
Event: 8.233 GC heap before
{Heap before GC invocations=20 (full 0):
 garbage-first heap   total 100352K, used 80967K [0x000000008a400000, 0x0000000100000000)
  region size 1024K, 40 young (40960K), 1 survivors (1024K)
 Metaspace       used 73363K, committed 73984K, reserved 1114112K
  class space    used 10976K, committed 11264K, reserved 1048576K
}
Event: 8.235 GC heap after
{Heap after GC invocations=21 (full 0):
 garbage-first heap   total 100352K, used 42562K [0x000000008a400000, 0x0000000100000000)
  region size 1024K, 3 young (3072K), 3 survivors (3072K)
 Metaspace       used 73363K, committed 73984K, reserved 1114112K
  class space    used 10976K, committed 11264K, reserved 1048576K
}
Event: 8.370 GC heap before
{Heap before GC invocations=21 (full 0):
 garbage-first heap   total 100352K, used 81474K [0x000000008a400000, 0x0000000100000000)
  region size 1024K, 41 young (41984K), 3 survivors (3072K)
 Metaspace       used 73632K, committed 74304K, reserved 1114112K
  class space    used 11016K, committed 11328K, reserved 1048576K
}
Event: 8.373 GC heap after
{Heap after GC invocations=22 (full 0):
 garbage-first heap   total 100352K, used 46100K [0x000000008a400000, 0x0000000100000000)
  region size 1024K, 6 young (6144K), 6 survivors (6144K)
 Metaspace       used 73632K, committed 74304K, reserved 1114112K
  class space    used 11016K, committed 11328K, reserved 1048576K
}
Event: 8.442 GC heap before
{Heap before GC invocations=22 (full 0):
 garbage-first heap   total 100352K, used 80916K [0x000000008a400000, 0x0000000100000000)
  region size 1024K, 40 young (40960K), 6 survivors (6144K)
 Metaspace       used 73635K, committed 74304K, reserved 1114112K
  class space    used 11016K, committed 11328K, reserved 1048576K
}
Event: 8.444 GC heap after
{Heap after GC invocations=23 (full 0):
 garbage-first heap   total 100352K, used 44016K [0x000000008a400000, 0x0000000100000000)
  region size 1024K, 1 young (1024K), 1 survivors (1024K)
 Metaspace       used 73635K, committed 74304K, reserved 1114112K
  class space    used 11016K, committed 11328K, reserved 1048576K
}
Event: 8.515 GC heap before
{Heap before GC invocations=23 (full 0):
 garbage-first heap   total 100352K, used 81904K [0x000000008a400000, 0x0000000100000000)
  region size 1024K, 38 young (38912K), 1 survivors (1024K)
 Metaspace       used 73635K, committed 74304K, reserved 1114112K
  class space    used 11016K, committed 11328K, reserved 1048576K
}
Event: 8.524 GC heap after
{Heap after GC invocations=24 (full 0):
 garbage-first heap   total 100352K, used 56796K [0x000000008a400000, 0x0000000100000000)
  region size 1024K, 5 young (5120K), 5 survivors (5120K)
 Metaspace       used 73635K, committed 74304K, reserved 1114112K
  class space    used 11016K, committed 11328K, reserved 1048576K
}
Event: 8.547 GC heap before
{Heap before GC invocations=24 (full 0):
 garbage-first heap   total 100352K, used 68060K [0x000000008a400000, 0x0000000100000000)
  region size 1024K, 17 young (17408K), 5 survivors (5120K)
 Metaspace       used 73635K, committed 74304K, reserved 1114112K
  class space    used 11016K, committed 11328K, reserved 1048576K
}
Event: 8.555 GC heap after
{Heap after GC invocations=25 (full 0):
 garbage-first heap   total 147456K, used 61720K [0x000000008a400000, 0x0000000100000000)
  region size 1024K, 4 young (4096K), 4 survivors (4096K)
 Metaspace       used 73635K, committed 74304K, reserved 1114112K
  class space    used 11016K, committed 11328K, reserved 1048576K
}
Event: 8.692 GC heap before
{Heap before GC invocations=25 (full 0):
 garbage-first heap   total 147456K, used 104728K [0x000000008a400000, 0x0000000100000000)
  region size 1024K, 45 young (46080K), 4 survivors (4096K)
 Metaspace       used 73650K, committed 74304K, reserved 1114112K
  class space    used 11019K, committed 11328K, reserved 1048576K
}
Event: 8.699 GC heap after
{Heap after GC invocations=26 (full 0):
 garbage-first heap   total 147456K, used 66538K [0x000000008a400000, 0x0000000100000000)
  region size 1024K, 4 young (4096K), 4 survivors (4096K)
 Metaspace       used 73650K, committed 74304K, reserved 1114112K
  class space    used 11019K, committed 11328K, reserved 1048576K
}
Event: 8.812 GC heap before
{Heap before GC invocations=26 (full 0):
 garbage-first heap   total 147456K, used 107498K [0x000000008a400000, 0x0000000100000000)
  region size 1024K, 44 young (45056K), 4 survivors (4096K)
 Metaspace       used 73651K, committed 74304K, reserved 1114112K
  class space    used 11019K, committed 11328K, reserved 1048576K
}
Event: 8.827 GC heap after
{Heap after GC invocations=27 (full 0):
 garbage-first heap   total 147456K, used 81223K [0x000000008a400000, 0x0000000100000000)
  region size 1024K, 6 young (6144K), 6 survivors (6144K)
 Metaspace       used 73651K, committed 74304K, reserved 1114112K
  class space    used 11019K, committed 11328K, reserved 1048576K
}
Event: 8.913 GC heap before
{Heap before GC invocations=27 (full 0):
 garbage-first heap   total 147456K, used 109895K [0x000000008a400000, 0x0000000100000000)
  region size 1024K, 34 young (34816K), 6 survivors (6144K)
 Metaspace       used 73652K, committed 74304K, reserved 1114112K
  class space    used 11019K, committed 11328K, reserved 1048576K
}
Event: 8.921 GC heap after
{Heap after GC invocations=28 (full 0):
 garbage-first heap   total 147456K, used 85596K [0x000000008a400000, 0x0000000100000000)
  region size 1024K, 4 young (4096K), 4 survivors (4096K)
 Metaspace       used 73652K, committed 74304K, reserved 1114112K
  class space    used 11019K, committed 11328K, reserved 1048576K
}

Deoptimization events (4 events):
Event: 4.030 Thread 0x000002077805e0b0 DEOPT PACKING pc=0x0000020700427901 sp=0x0000004c430fec00
Event: 4.030 Thread 0x000002077805e0b0 DEOPT UNPACKING pc=0x0000020700052b43 sp=0x0000004c430fe090 mode 3
Event: 4.031 Thread 0x00000207509aff80 DEOPT PACKING pc=0x0000020700412297 sp=0x0000004c44eff0a0
Event: 4.031 Thread 0x00000207509aff80 DEOPT UNPACKING pc=0x0000020700052b43 sp=0x0000004c44efe4f8 mode 3

Classes unloaded (0 events):
No events

Classes redefined (0 events):
No events

Internal exceptions (20 events):
Event: 7.627 Thread 0x000002077805e0b0 Exception <a 'java/lang/reflect/InvocationTargetException'{0x000000008eabfac8}> (0x000000008eabfac8) 
thrown [s\open\src\hotspot\share\runtime\reflection.cpp, line 1121]
Event: 7.635 Thread 0x000002077805e0b0 Exception <a 'java/lang/NoSuchMethodError'{0x000000008e942250}: 'int java.lang.invoke.DirectMethodHandle$Holder.invokeStatic(java.lang.Object, java.lang.Object, int)'> (0x000000008e942250) 
thrown [s\open\src\hotspot\share\interpreter\linkResolver.cpp, line 759]
Event: 7.639 Thread 0x000002077805e0b0 Exception <a 'java/lang/IncompatibleClassChangeError'{0x000000008e98a208}: Found class java.lang.Object, but interface was expected> (0x000000008e98a208) 
thrown [s\open\src\hotspot\share\interpreter\linkResolver.cpp, line 826]
Event: 7.673 Thread 0x000002077805e0b0 Exception <a 'java/lang/NoSuchMethodError'{0x000000008e77e238}: 'java.lang.Object java.lang.invoke.DirectMethodHandle$Holder.invokeStatic(java.lang.Object, int, java.lang.Object)'> (0x000000008e77e238) 
thrown [s\open\src\hotspot\share\interpreter\linkResolver.cpp, line 759]
Event: 7.677 Thread 0x000002077805e0b0 Exception <a 'java/lang/reflect/InvocationTargetException'{0x000000008e7bacc0}> (0x000000008e7bacc0) 
thrown [s\open\src\hotspot\share\runtime\reflection.cpp, line 1121]
Event: 7.680 Thread 0x000002077805e0b0 Exception <a 'java/lang/reflect/InvocationTargetException'{0x000000008e7e5198}> (0x000000008e7e5198) 
thrown [s\open\src\hotspot\share\runtime\reflection.cpp, line 1121]
Event: 7.706 Thread 0x000002077805e0b0 Exception <a 'java/lang/reflect/InvocationTargetException'{0x000000008e6236a0}> (0x000000008e6236a0) 
thrown [s\open\src\hotspot\share\runtime\reflection.cpp, line 1121]
Event: 8.100 Thread 0x000002077805e0b0 Exception <a 'java/lang/reflect/InvocationTargetException'{0x000000008fb324e0}> (0x000000008fb324e0) 
thrown [s\open\src\hotspot\share\runtime\reflection.cpp, line 1121]
Event: 8.107 Thread 0x000002077805e0b0 Exception <a 'java/lang/reflect/InvocationTargetException'{0x000000008fa5fe10}> (0x000000008fa5fe10) 
thrown [s\open\src\hotspot\share\runtime\reflection.cpp, line 1121]
Event: 8.111 Thread 0x000002077805e0b0 Exception <a 'java/lang/reflect/InvocationTargetException'{0x000000008fa7bac8}> (0x000000008fa7bac8) 
thrown [s\open\src\hotspot\share\runtime\reflection.cpp, line 1121]
Event: 8.111 Thread 0x000002077805e0b0 Exception <a 'java/lang/reflect/InvocationTargetException'{0x000000008fa87ab0}> (0x000000008fa87ab0) 
thrown [s\open\src\hotspot\share\runtime\reflection.cpp, line 1121]
Event: 8.121 Thread 0x000002077805e0b0 Exception <a 'java/lang/reflect/InvocationTargetException'{0x000000008f9e50e0}> (0x000000008f9e50e0) 
thrown [s\open\src\hotspot\share\runtime\reflection.cpp, line 1121]
Event: 8.122 Thread 0x000002077805e0b0 Exception <a 'java/lang/reflect/InvocationTargetException'{0x000000008f9f2d48}> (0x000000008f9f2d48) 
thrown [s\open\src\hotspot\share\runtime\reflection.cpp, line 1121]
Event: 8.123 Thread 0x000002077805e0b0 Exception <a 'java/lang/reflect/InvocationTargetException'{0x000000008f8032d0}> (0x000000008f8032d0) 
thrown [s\open\src\hotspot\share\runtime\reflection.cpp, line 1121]
Event: 8.135 Thread 0x000002077805e0b0 Exception <a 'java/lang/reflect/InvocationTargetException'{0x000000008f7a55f8}> (0x000000008f7a55f8) 
thrown [s\open\src\hotspot\share\runtime\reflection.cpp, line 1121]
Event: 8.136 Thread 0x000002077805e0b0 Exception <a 'java/lang/reflect/InvocationTargetException'{0x000000008f7b53a8}> (0x000000008f7b53a8) 
thrown [s\open\src\hotspot\share\runtime\reflection.cpp, line 1121]
Event: 8.137 Thread 0x000002077805e0b0 Exception <a 'java/lang/reflect/InvocationTargetException'{0x000000008f7c3aa8}> (0x000000008f7c3aa8) 
thrown [s\open\src\hotspot\share\runtime\reflection.cpp, line 1121]
Event: 8.146 Thread 0x000002077805e0b0 Exception <a 'java/lang/reflect/InvocationTargetException'{0x000000008f51ccf0}> (0x000000008f51ccf0) 
thrown [s\open\src\hotspot\share\runtime\reflection.cpp, line 1121]
Event: 8.147 Thread 0x000002077805e0b0 Exception <a 'java/lang/reflect/InvocationTargetException'{0x000000008f52cc78}> (0x000000008f52cc78) 
thrown [s\open\src\hotspot\share\runtime\reflection.cpp, line 1121]
Event: 8.297 Thread 0x000002077805e0b0 Exception <a 'java/lang/NoSuchMethodError'{0x000000008f576248}: 'int java.lang.invoke.DirectMethodHandle$Holder.invokeStaticInit(java.lang.Object, int, java.lang.Object, java.lang.Object, java.lang.Object, java.lang.Object)'> (0x000000008f576248) 
thrown [s\open\src\hotspot\share\interpreter\linkResolver.cpp, line 759]

VM Operations (20 events):
Event: 8.053 Executing VM operation: G1Concurrent done
Event: 8.233 Executing VM operation: G1CollectForAllocation
Event: 8.235 Executing VM operation: G1CollectForAllocation done
Event: 8.322 Executing VM operation: HandshakeAllThreads
Event: 8.322 Executing VM operation: HandshakeAllThreads done
Event: 8.370 Executing VM operation: G1CollectForAllocation
Event: 8.373 Executing VM operation: G1CollectForAllocation done
Event: 8.442 Executing VM operation: G1CollectForAllocation
Event: 8.444 Executing VM operation: G1CollectForAllocation done
Event: 8.514 Executing VM operation: G1CollectForAllocation
Event: 8.524 Executing VM operation: G1CollectForAllocation done
Event: 8.547 Executing VM operation: G1TryInitiateConcMark
Event: 8.555 Executing VM operation: G1TryInitiateConcMark done
Event: 8.692 Executing VM operation: G1CollectForAllocation
Event: 8.699 Executing VM operation: G1CollectForAllocation done
Event: 8.812 Executing VM operation: G1CollectForAllocation
Event: 8.827 Executing VM operation: G1CollectForAllocation done
Event: 8.913 Executing VM operation: G1CollectForAllocation
Event: 8.921 Executing VM operation: G1CollectForAllocation done
Event: 8.982 Executing VM operation: G1Concurrent

Events (20 events):
Event: 7.660 loading class java/util/regex/Pattern$Bound
Event: 7.661 loading class java/util/regex/Pattern$Bound done
Event: 7.662 loading class java/util/regex/Pattern$Behind
Event: 7.662 loading class java/util/regex/Pattern$Behind done
Event: 7.724 loading class java/util/EmptyStackException
Event: 7.724 loading class java/util/EmptyStackException done
Event: 7.809 loading class java/io/InvalidClassException
Event: 7.809 loading class java/io/InvalidClassException done
Event: 7.818 loading class java/util/ArrayList$ListItr
Event: 7.818 loading class java/util/ArrayList$ListItr done
Event: 8.301 loading class java/lang/invoke/MethodHandleImpl$CountingWrapper$1
Event: 8.301 loading class java/lang/invoke/MethodHandleImpl$CountingWrapper$1 done
Event: 8.309 loading class sun/reflect/ReflectionFactory
Event: 8.309 loading class sun/reflect/ReflectionFactory done
Event: 8.309 loading class sun/reflect/ReflectionFactory$1
Event: 8.309 loading class sun/reflect/ReflectionFactory$1 done
Event: 8.309 loading class java/io/OptionalDataException
Event: 8.310 loading class java/io/OptionalDataException done
Event: 8.310 loading class jdk/internal/reflect/SerializationConstructorAccessorImpl
Event: 8.310 loading class jdk/internal/reflect/SerializationConstructorAccessorImpl done


Dynamic libraries:
0x00007ff6333f0000 - 0x00007ff633400000 	D:\jdk-17.0.12_windows-x64_bin\jdk-17.0.12\bin\java.exe
0x00007ff90da90000 - 0x00007ff90dc88000 	C:\WINDOWS\SYSTEM32\ntdll.dll
0x00007ff90d860000 - 0x00007ff90d922000 	C:\WINDOWS\System32\KERNEL32.DLL
0x00007ff90b3a0000 - 0x00007ff90b696000 	C:\WINDOWS\System32\KERNELBASE.dll
0x00007ff90b8d0000 - 0x00007ff90b9d0000 	C:\WINDOWS\System32\ucrtbase.dll
0x00007ff8e8530000 - 0x00007ff8e854b000 	D:\jdk-17.0.12_windows-x64_bin\jdk-17.0.12\bin\VCRUNTIME140.dll
0x00007ff8ee270000 - 0x00007ff8ee289000 	D:\jdk-17.0.12_windows-x64_bin\jdk-17.0.12\bin\jli.dll
0x00007ff90c1f0000 - 0x00007ff90c2a1000 	C:\WINDOWS\System32\ADVAPI32.dll
0x00007ff90c150000 - 0x00007ff90c1ee000 	C:\WINDOWS\System32\msvcrt.dll
0x00007ff90c630000 - 0x00007ff90c6cf000 	C:\WINDOWS\System32\sechost.dll
0x00007ff90d930000 - 0x00007ff90da50000 	C:\WINDOWS\System32\RPCRT4.dll
0x00007ff90b9d0000 - 0x00007ff90b9f7000 	C:\WINDOWS\System32\bcrypt.dll
0x00007ff90c400000 - 0x00007ff90c5a1000 	C:\WINDOWS\System32\USER32.dll
0x00007ff8f5f70000 - 0x00007ff8f620b000 	C:\WINDOWS\WinSxS\amd64_microsoft.windows.common-controls_6595b64144ccf1df_6.0.19041.6456_none_60b8a6cb71f64256\COMCTL32.dll
0x00007ff90b6f0000 - 0x00007ff90b712000 	C:\WINDOWS\System32\win32u.dll
0x00007ff90d6b0000 - 0x00007ff90d6db000 	C:\WINDOWS\System32\GDI32.dll
0x00007ff90b120000 - 0x00007ff90b239000 	C:\WINDOWS\System32\gdi32full.dll
0x00007ff90b830000 - 0x00007ff90b8cd000 	C:\WINDOWS\System32\msvcp_win.dll
0x00007ff901980000 - 0x00007ff90198a000 	C:\WINDOWS\SYSTEM32\VERSION.dll
0x00007ff90cc70000 - 0x00007ff90cc9f000 	C:\WINDOWS\System32\IMM32.DLL
0x00007ff8ee260000 - 0x00007ff8ee26c000 	D:\jdk-17.0.12_windows-x64_bin\jdk-17.0.12\bin\vcruntime140_1.dll
0x00007ff89e950000 - 0x00007ff89e9de000 	D:\jdk-17.0.12_windows-x64_bin\jdk-17.0.12\bin\msvcp140.dll
0x00007ff841ba0000 - 0x00007ff842780000 	D:\jdk-17.0.12_windows-x64_bin\jdk-17.0.12\bin\server\jvm.dll
0x00007ff90c3f0000 - 0x00007ff90c3f8000 	C:\WINDOWS\System32\PSAPI.DLL
0x00007ff8ef560000 - 0x00007ff8ef569000 	C:\WINDOWS\SYSTEM32\WSOCK32.dll
0x00007ff901190000 - 0x00007ff9011b7000 	C:\WINDOWS\SYSTEM32\WINMM.dll
0x00007ff90c5b0000 - 0x00007ff90c61b000 	C:\WINDOWS\System32\WS2_32.dll
0x00007ff908f50000 - 0x00007ff908f62000 	C:\WINDOWS\SYSTEM32\kernel.appcore.dll
0x00007ff8e8140000 - 0x00007ff8e814a000 	D:\jdk-17.0.12_windows-x64_bin\jdk-17.0.12\bin\jimage.dll
0x00007ff8f79a0000 - 0x00007ff8f7ba1000 	C:\WINDOWS\SYSTEM32\DBGHELP.DLL
0x00007ff8dce30000 - 0x00007ff8dce64000 	C:\WINDOWS\SYSTEM32\dbgcore.DLL
0x00007ff90b7a0000 - 0x00007ff90b822000 	C:\WINDOWS\System32\bcryptPrimitives.dll
0x00007ff8d31c0000 - 0x00007ff8d31e5000 	D:\jdk-17.0.12_windows-x64_bin\jdk-17.0.12\bin\java.dll
0x00007ff88b500000 - 0x00007ff88b5d7000 	D:\jdk-17.0.12_windows-x64_bin\jdk-17.0.12\bin\jsvml.dll
0x00007ff90cca0000 - 0x00007ff90d410000 	C:\WINDOWS\System32\SHELL32.dll
0x00007ff909150000 - 0x00007ff9098f5000 	C:\WINDOWS\SYSTEM32\windows.storage.dll
0x00007ff90bd90000 - 0x00007ff90c0e4000 	C:\WINDOWS\System32\combase.dll
0x00007ff90aa70000 - 0x00007ff90aa9b000 	C:\WINDOWS\SYSTEM32\Wldp.dll
0x00007ff90c320000 - 0x00007ff90c3ed000 	C:\WINDOWS\System32\OLEAUT32.dll
0x00007ff90bce0000 - 0x00007ff90bd8d000 	C:\WINDOWS\System32\SHCORE.dll
0x00007ff90c2b0000 - 0x00007ff90c30b000 	C:\WINDOWS\System32\shlwapi.dll
0x00007ff90b050000 - 0x00007ff90b074000 	C:\WINDOWS\SYSTEM32\profapi.dll
0x00007ff8d9b00000 - 0x00007ff8d9b19000 	D:\jdk-17.0.12_windows-x64_bin\jdk-17.0.12\bin\net.dll
0x00007ff902c80000 - 0x00007ff902d8a000 	C:\WINDOWS\SYSTEM32\WINHTTP.dll
0x00007ff90a850000 - 0x00007ff90a8ba000 	C:\WINDOWS\system32\mswsock.dll
0x00007ff8d7a80000 - 0x00007ff8d7a96000 	D:\jdk-17.0.12_windows-x64_bin\jdk-17.0.12\bin\nio.dll
0x00007ff8d6a90000 - 0x00007ff8d6aa8000 	D:\jdk-17.0.12_windows-x64_bin\jdk-17.0.12\bin\zip.dll
0x00007ff8d9c70000 - 0x00007ff8d9c7e000 	D:\jdk-17.0.12_windows-x64_bin\jdk-17.0.12\bin\sunmscapi.dll
0x00007ff90b240000 - 0x00007ff90b39d000 	C:\WINDOWS\System32\CRYPT32.dll
0x00007ff90aba0000 - 0x00007ff90abc7000 	C:\WINDOWS\SYSTEM32\ncrypt.dll
0x00007ff90ab20000 - 0x00007ff90ab5b000 	C:\WINDOWS\SYSTEM32\NTASN1.dll
0x00007ff90aab0000 - 0x00007ff90aac8000 	C:\WINDOWS\SYSTEM32\CRYPTSP.dll
0x00007ff90a120000 - 0x00007ff90a158000 	C:\WINDOWS\system32\rsaenh.dll
0x00007ff90b010000 - 0x00007ff90b03e000 	C:\WINDOWS\SYSTEM32\USERENV.dll
0x00007ff90a9e0000 - 0x00007ff90a9ec000 	C:\WINDOWS\SYSTEM32\CRYPTBASE.dll
0x00007ff90a500000 - 0x00007ff90a53b000 	C:\WINDOWS\SYSTEM32\IPHLPAPI.DLL
0x00007ff90c310000 - 0x00007ff90c318000 	C:\WINDOWS\System32\NSI.dll
0x00007ff9041f0000 - 0x00007ff904207000 	C:\WINDOWS\SYSTEM32\dhcpcsvc6.DLL
0x00007ff9040d0000 - 0x00007ff9040ed000 	C:\WINDOWS\SYSTEM32\dhcpcsvc.DLL
0x00007ff90a550000 - 0x00007ff90a61a000 	C:\WINDOWS\SYSTEM32\DNSAPI.dll
0x00007ff8ec000000 - 0x00007ff8ec00a000 	D:\jdk-17.0.12_windows-x64_bin\jdk-17.0.12\bin\management.dll
0x00007ff8ebff0000 - 0x00007ff8ebffb000 	D:\jdk-17.0.12_windows-x64_bin\jdk-17.0.12\bin\management_ext.dll
0x00007ff8e8130000 - 0x00007ff8e8140000 	D:\jdk-17.0.12_windows-x64_bin\jdk-17.0.12\bin\verify.dll
0x00007ff9041e0000 - 0x00007ff9041ea000 	C:\Windows\System32\rasadhlp.dll
0x00007ff9012d0000 - 0x00007ff901350000 	C:\WINDOWS\System32\fwpuclnt.dll

dbghelp: loaded successfully - version: 4.0.5 - missing functions: none
symbol engine: initialized successfully - sym options: 0x614 - pdb path: .;D:\jdk-17.0.12_windows-x64_bin\jdk-17.0.12\bin;C:\WINDOWS\SYSTEM32;C:\WINDOWS\WinSxS\amd64_microsoft.windows.common-controls_6595b64144ccf1df_6.0.19041.6456_none_60b8a6cb71f64256;D:\jdk-17.0.12_windows-x64_bin\jdk-17.0.12\bin\server

VM Arguments:
jvm_args: -XX:TieredStopAtLevel=1 
java_command: org.example.flyora_backend.FlyoraBackendApplication
java_class_path (initial): D:\Code github\Flyora-Backend-v2\target\classes;C:\Users\Khanh\.m2\repository\org\springframework\boot\spring-boot\3.5.3\spring-boot-3.5.3.jar;C:\Users\Khanh\.m2\repository\org\springframework\boot\spring-boot-autoconfigure\3.5.3\spring-boot-autoconfigure-3.5.3.jar;C:\Users\Khanh\.m2\repository\ch\qos\logback\logback-classic\1.5.18\logback-classic-1.5.18.jar;C:\Users\Khanh\.m2\repository\ch\qos\logback\logback-core\1.5.18\logback-core-1.5.18.jar;C:\Users\Khanh\.m2\repository\org\apache\logging\log4j\log4j-to-slf4j\2.24.3\log4j-to-slf4j-2.24.3.jar;C:\Users\Khanh\.m2\repository\org\apache\logging\log4j\log4j-api\2.24.3\log4j-api-2.24.3.jar;C:\Users\Khanh\.m2\repository\org\slf4j\jul-to-slf4j\2.0.17\jul-to-slf4j-2.0.17.jar;C:\Users\Khanh\.m2\repository\jakarta\annotation\jakarta.annotation-api\2.1.1\jakarta.annotation-api-2.1.1.jar;C:\Users\Khanh\.m2\repository\org\yaml\snakeyaml\2.4\snakeyaml-2.4.jar;C:\Users\Khanh\.m2\repository\org\springframework\spring-context-support\6.2.8\spring-context-support-6.2.8.jar;C:\Users\Khanh\.m2\repository\org\springframework\spring-beans\6.2.8\spring-beans-6.2.8.jar;C:\Users\Khanh\.m2\repository\org\springframework\spring-context\6.2.8\spring-context-6.2.8.jar;C:\Users\Khanh\.m2\repository\org\eclipse\angus\jakarta.mail\2.0.3\jakarta.mail-2.0.3.jar;C:\Users\Khanh\.m2\repository\jakarta\activation\jakarta.activation-api\2.1.3\jakarta.activation-api-2.1.3.jar;C:\Users\Khanh\.m2\repository\org\eclipse\angus\angus-activation\2.0.2\angus-activation-2.0.2.jar;C:\Users\Khanh\.m2\repository\com\fasterxml\jackson\datatype\jackson-datatype-jdk8\2.19.1\jackson-datatype-jdk8-2.19.1.jar;C:\Users\Khanh\.m2\repository\com\fasterxml\jackson\datatype\jackson-datatype-jsr310\2.19.1\jackson-datatype-jsr310-2.19.1.jar;C:\Users\Khanh\.m2\repository\com\fasterxml\jackson\module\jackson-module-parameter-names\2.19.1\jackson-module-parameter-names-2.19.1.jar;C:\Users\Khanh\.m2\repository\org\apache\tomcat\embed\tomcat-embed-core
Launcher Type: SUN_STANDARD

[Global flags]
     intx CICompilerCount                          = 4                                         {product} {ergonomic}
     uint ConcGCThreads                            = 3                                         {product} {ergonomic}
     uint G1ConcRefinementThreads                  = 10                                        {product} {ergonomic}
   size_t G1HeapRegionSize                         = 1048576                                   {product} {ergonomic}
    uintx GCDrainStackTargetSize                   = 64                                        {product} {ergonomic}
   size_t InitialHeapSize                          = 123731968                                 {product} {ergonomic}
   size_t MarkStackSize                            = 4194304                                   {product} {ergonomic}
   size_t MaxHeapSize                              = 1975517184                                {product} {ergonomic}
   size_t MaxNewSize                               = 1184890880                                {product} {ergonomic}
   size_t MinHeapDeltaBytes                        = 1048576                                   {product} {ergonomic}
   size_t MinHeapSize                              = 8388608                                   {product} {ergonomic}
    uintx NonProfiledCodeHeapSize                  = 0                                      {pd product} {ergonomic}
     bool ProfileInterpreter                       = false                                  {pd product} {command line}
    uintx ProfiledCodeHeapSize                     = 0                                      {pd product} {ergonomic}
   size_t SoftMaxHeapSize                          = 1975517184                             {manageable} {ergonomic}
     intx TieredStopAtLevel                        = 1                                         {product} {command line}
     bool UseCompressedClassPointers               = true                           {product lp64_product} {ergonomic}
     bool UseCompressedOops                        = true                           {product lp64_product} {ergonomic}
     bool UseG1GC                                  = true                                      {product} {ergonomic}
     bool UseLargePagesIndividualAllocation        = false                                  {pd product} {ergonomic}

Logging:
Log output configuration:
 #0: stdout all=warning uptime,level,tags
 #1: stderr all=off uptime,level,tags

Environment Variables:
JAVA_HOME=D:\jdk-17.0.12_windows-x64_bin\jdk-17.0.12
PATH=D:\vsCode\Microsoft VS Code;D:\jdk-17.0.12_windows-x64_bin\jdk-17.0.12\bin;D:\VMWare workstation\bin\;C:\WINDOWS\system32;C:\WINDOWS;C:\WINDOWS\System32\Wbem;C:\WINDOWS\System32\WindowsPowerShell\v1.0\;C:\WINDOWS\System32\OpenSSH\;C:\Program Files\Microsoft SQL Server\Client SDK\ODBC\110\Tools\Binn\;C:\Program Files (x86)\Microsoft SQL Server\120\Tools\Binn\;C:\Program Files\Microsoft SQL Server\120\Tools\Binn\;C:\Program Files\Microsoft SQL Server\120\DTS\Binn\;C:\Program Files (x86)\Microsoft SQL Server\120\Tools\Binn\ManagementStudio\;C:\Program Files (x86)\Microsoft SQL Server\120\DTS\Binn\;C:\Program Files\Git\cmd;C:\Program Files\Hugo\bin;C:\Program Files\Amazon\AWSCLIV2\;C:\Program Files\Docker\Docker\resources\bin;C:\Program Files\Cloudflare\Cloudflare WARP\;C:\Program Files (x86)\WiX Toolset v3.14\bin;D:\Nodejs\;C:\Users\Khanh\AppData\Local\Muse Hub\lib;C:\Users\Khanh\AppData\Local\Microsoft\WindowsApps;D:\vsCode\Microsoft VS Code\bin;D:\apache-maven-3.9.11-bin\apache-maven-3.9.11\bin;D:\jdk-17.0.12_windows-x64_bin\jdk-17.0.12\bin;C:\Users\Khanh\AppData\Roaming\npm;C:\Users\Khanh\AppData\Local\Muse Hub\lib;c:\Users\Khanh\.vscode\extensions\vscjava.vscode-java-debug-0.58.5\bundled\scripts\noConfigScripts
USERNAME=Khanh
LANG=en_US.UTF-8
OS=Windows_NT
PROCESSOR_IDENTIFIER=AMD64 Family 25 Model 80 Stepping 0, AuthenticAMD



---------------  S Y S T E M  ---------------

OS:
 Windows 10 , 64 bit Build 19041 (10.0.19041.5915)
OS uptime: 5 days 7:26 hours
Hyper-V role detected

CPU: total 12 (initial active 12) (12 cores per cpu, 2 threads per core) family 25 model 80 stepping 0 microcode 0x0, cx8, cmov, fxsr, ht, mmx, 3dnowpref, sse, sse2, sse3, ssse3, sse4a, sse4.1, sse4.2, popcnt, lzcnt, tsc, tscinvbit, avx, avx2, aes, erms, clmul, bmi1, bmi2, adx, sha, fma, vzeroupper, clflush, clflushopt, hv

Memory: 4k page, system-wide physical 7532M (194M free)
TotalPageFile size 26832M (AvailPageFile size 5M)
current process WorkingSet (physical memory assigned to process): 305M, peak: 305M
current process commit charge ("private bytes"): 352M, peak: 370M

vm_info: Java HotSpot(TM) 64-Bit Server VM (17.0.12+8-LTS-286) for windows-amd64 JRE (17.0.12+8-LTS-286), built on Jun  5 2024 06:46:59 by "mach5one" with MS VC++ 17.6 (VS2022)

END.
